<?xml version="1.0" encoding="UTF-8"?>
<testng-results skipped="1" failed="0" ignored="0" total="1" passed="0">
  <reporter-output>
  </reporter-output>
  <suite name="Default suite" duration-ms="127" started-at="2018-10-11T11:36:07Z" finished-at="2018-10-11T11:36:07Z">
    <groups>
    </groups>
    <test name="Default test" duration-ms="127" started-at="2018-10-11T11:36:07Z" finished-at="2018-10-11T11:36:07Z">
      <class name="br.com.ibm.dynapool.test.ExtentReports">
        <test-method status="FAIL" signature="startTest()[pri:0, instance:br.com.ibm.dynapool.test.ExtentReports@1794d431]" name="startTest" is-config="true" duration-ms="21" started-at="2018-10-11T11:36:07Z" finished-at="2018-10-11T11:36:07Z">
          <exception class="java.lang.StackOverflowError">
            <full-stacktrace>
              <![CDATA[java.lang.StackOverflowError
at br.com.ibm.dynapool.test.ExtentReports.startTest(ExtentReports.java:100)
at br.com.ibm.dynapool.test.ExtentReports.startTest(ExtentReports.java:100)
at br.com.ibm.dynapool.test.ExtentReports.startTest(ExtentReports.java:100)
at br.com.ibm.dynapool.test.ExtentReports.startTest(ExtentReports.java:100)
at br.com.ibm.dynapool.test.ExtentReports.startTest(ExtentReports.java:100)
at br.com.ibm.dynapool.test.ExtentReports.startTest(ExtentReports.java:100)
at br.com.ibm.dynapool.test.ExtentReports.startTest(ExtentReports.java:100)
at br.com.ibm.dynapool.test.ExtentReports.startTest(ExtentReports.java:100)
at br.com.ibm.dynapool.test.ExtentReports.startTest(ExtentReports.java:100)
at br.com.ibm.dynapool.test.ExtentReports.startTest(ExtentReports.java:100)
at br.com.ibm.dynapool.test.ExtentReports.startTest(ExtentReports.java:100)
at br.com.ibm.dynapool.test.ExtentReports.startTest(ExtentReports.java:100)
at br.com.ibm.dynapool.test.ExtentReports.startTest(ExtentReports.java:100)
at br.com.ibm.dynapool.test.ExtentReports.startTest(ExtentReports.java:100)
at br.com.ibm.dynapool.test.ExtentReports.startTest(ExtentReports.java:100)
at br.com.ibm.dynapool.test.ExtentReports.startTest(ExtentReports.java:100)
at br.com.ibm.dynapool.test.ExtentReports.startTest(ExtentReports.java:100)
at br.com.ibm.dynapool.test.ExtentReports.startTest(ExtentReports.java:100)
at br.com.ibm.dynapool.test.ExtentReports.startTest(ExtentReports.java:100)
at br.com.ibm.dynapool.test.ExtentReports.startTest(ExtentReports.java:100)
at br.com.ibm.dynapool.test.ExtentReports.startTest(ExtentReports.java:100)
at br.com.ibm.dynapool.test.ExtentReports.startTest(ExtentReports.java:100)
at br.com.ibm.dynapool.test.ExtentReports.startTest(ExtentReports.java:100)
at br.com.ibm.dynapool.test.ExtentReports.startTest(ExtentReports.java:100)
at br.com.ibm.dynapool.test.ExtentReports.startTest(ExtentReports.java:100)
at br.com.ibm.dynapool.test.ExtentReports.startTest(ExtentReports.java:100)
at br.com.ibm.dynapool.test.ExtentReports.startTest(ExtentReports.java:100)
at br.com.ibm.dynapool.test.ExtentReports.startTest(ExtentReports.java:100)
at br.com.ibm.dynapool.test.ExtentReports.startTest(ExtentReports.java:100)
at br.com.ibm.dynapool.test.ExtentReports.startTest(ExtentReports.java:100)
at br.com.ibm.dynapool.test.ExtentReports.startTest(ExtentReports.java:100)
at br.com.ibm.dynapool.test.ExtentReports.startTest(ExtentReports.java:100)
at br.com.ibm.dynapool.test.ExtentReports.startTest(ExtentReports.java:100)
at br.com.ibm.dynapool.test.ExtentReports.startTest(ExtentReports.java:100)
at br.com.ibm.dynapool.test.ExtentReports.startTest(ExtentReports.java:100)
at br.com.ibm.dynapool.test.ExtentReports.startTest(ExtentReports.java:100)
at br.com.ibm.dynapool.test.ExtentReports.startTest(ExtentReports.java:100)
at br.com.ibm.dynapool.test.ExtentReports.startTest(ExtentReports.java:100)
at br.com.ibm.dynapool.test.ExtentReports.startTest(ExtentReports.java:100)
at br.com.ibm.dynapool.test.ExtentReports.startTest(ExtentReports.java:100)
at br.com.ibm.dynapool.test.ExtentReports.startTest(ExtentReports.java:100)
at br.com.ibm.dynapool.test.ExtentReports.startTest(ExtentReports.java:100)
at br.com.ibm.dynapool.test.ExtentReports.startTest(ExtentReports.java:100)
at br.com.ibm.dynapool.test.ExtentReports.startTest(ExtentReports.java:100)
at br.com.ibm.dynapool.test.ExtentReports.startTest(ExtentReports.java:100)
at br.com.ibm.dynapool.test.ExtentReports.startTest(ExtentReports.java:100)
at br.com.ibm.dynapool.test.ExtentReports.startTest(ExtentReports.java:100)
at br.com.ibm.dynapool.test.ExtentReports.startTest(ExtentReports.java:100)
at br.com.ibm.dynapool.test.ExtentReports.startTest(ExtentReports.java:100)
at br.com.ibm.dynapool.test.ExtentReports.startTest(ExtentReports.java:100)
at br.com.ibm.dynapool.test.ExtentReports.startTest(ExtentReports.java:100)
at br.com.ibm.dynapool.test.ExtentReports.startTest(ExtentReports.java:100)
at br.com.ibm.dynapool.test.ExtentReports.startTest(ExtentReports.java:100)
at br.com.ibm.dynapool.test.ExtentReports.startTest(ExtentReports.java:100)
at br.com.ibm.dynapool.test.ExtentReports.startTest(ExtentReports.java:100)
at br.com.ibm.dynapool.test.ExtentReports.startTest(ExtentReports.java:100)
at br.com.ibm.dynapool.test.ExtentReports.startTest(ExtentReports.java:100)
at br.com.ibm.dynapool.test.ExtentReports.startTest(ExtentReports.java:100)
at br.com.ibm.dynapool.test.ExtentReports.startTest(ExtentReports.java:100)
at br.com.ibm.dynapool.test.ExtentReports.startTest(ExtentReports.java:100)
at br.com.ibm.dynapool.test.ExtentReports.startTest(ExtentReports.java:100)
at br.com.ibm.dynapool.test.ExtentReports.startTest(ExtentReports.java:100)
at br.com.ibm.dynapool.test.ExtentReports.startTest(ExtentReports.java:100)
at br.com.ibm.dynapool.test.ExtentReports.startTest(ExtentReports.java:100)
at br.com.ibm.dynapool.test.ExtentReports.startTest(ExtentReports.java:100)
at br.com.ibm.dynapool.test.ExtentReports.startTest(ExtentReports.java:100)
at br.com.ibm.dynapool.test.ExtentReports.startTest(ExtentReports.java:100)
at br.com.ibm.dynapool.test.ExtentReports.startTest(ExtentReports.java:100)
at br.com.ibm.dynapool.test.ExtentReports.startTest(ExtentReports.java:100)
at br.com.ibm.dynapool.test.ExtentReports.startTest(ExtentReports.java:100)
at br.com.ibm.dynapool.test.ExtentReports.startTest(ExtentReports.java:100)
at br.com.ibm.dynapool.test.ExtentReports.startTest(ExtentReports.java:100)
at br.com.ibm.dynapool.test.ExtentReports.startTest(ExtentReports.java:100)
at br.com.ibm.dynapool.test.ExtentReports.startTest(ExtentReports.java:100)
at br.com.ibm.dynapool.test.ExtentReports.startTest(ExtentReports.java:100)
at br.com.ibm.dynapool.test.ExtentReports.startTest(ExtentReports.java:100)
at br.com.ibm.dynapool.test.ExtentReports.startTest(ExtentReports.java:100)
at br.com.ibm.dynapool.test.ExtentReports.startTest(ExtentReports.java:100)
at br.com.ibm.dynapool.test.ExtentReports.startTest(ExtentReports.java:100)
at br.com.ibm.dynapool.test.ExtentReports.startTest(ExtentReports.java:100)
at br.com.ibm.dynapool.test.ExtentReports.startTest(ExtentReports.java:100)
at br.com.ibm.dynapool.test.ExtentReports.startTest(ExtentReports.java:100)
at br.com.ibm.dynapool.test.ExtentReports.startTest(ExtentReports.java:100)
at br.com.ibm.dynapool.test.ExtentReports.startTest(ExtentReports.java:100)
at br.com.ibm.dynapool.test.ExtentReports.startTest(ExtentReports.java:100)
at br.com.ibm.dynapool.test.ExtentReports.startTest(ExtentReports.java:100)
at br.com.ibm.dynapool.test.ExtentReports.startTest(ExtentReports.java:100)
at br.com.ibm.dynapool.test.ExtentReports.startTest(ExtentReports.java:100)
at br.com.ibm.dynapool.test.ExtentReports.startTest(ExtentReports.java:100)
at br.com.ibm.dynapool.test.ExtentReports.startTest(ExtentReports.java:100)
at br.com.ibm.dynapool.test.ExtentReports.startTest(ExtentReports.java:100)
at br.com.ibm.dynapool.test.ExtentReports.startTest(ExtentReports.java:100)
at br.com.ibm.dynapool.test.ExtentReports.startTest(ExtentReports.java:100)
at br.com.ibm.dynapool.test.ExtentReports.startTest(ExtentReports.java:100)
at br.com.ibm.dynapool.test.ExtentReports.startTest(ExtentReports.java:100)
at br.com.ibm.dynapool.test.ExtentReports.startTest(ExtentReports.java:100)
at br.com.ibm.dynapool.test.ExtentReports.startTest(ExtentReports.java:100)
at br.com.ibm.dynapool.test.ExtentReports.startTest(ExtentReports.java:100)
at br.com.ibm.dynapool.test.ExtentReports.startTest(ExtentReports.java:100)
at br.com.ibm.dynapool.test.ExtentReports.startTest(ExtentReports.java:100)
at br.com.ibm.dynapool.test.ExtentReports.startTest(ExtentReports.java:100)
at br.com.ibm.dynapool.test.ExtentReports.startTest(ExtentReports.java:100)
at br.com.ibm.dynapool.test.ExtentReports.startTest(ExtentReports.java:100)
at br.com.ibm.dynapool.test.ExtentReports.startTest(ExtentReports.java:100)
at br.com.ibm.dynapool.test.ExtentReports.startTest(ExtentReports.java:100)
at br.com.ibm.dynapool.test.ExtentReports.startTest(ExtentReports.java:100)
at br.com.ibm.dynapool.test.ExtentReports.startTest(ExtentReports.java:100)
at br.com.ibm.dynapool.test.ExtentReports.startTest(ExtentReports.java:100)
at br.com.ibm.dynapool.test.ExtentReports.startTest(ExtentReports.java:100)
at br.com.ibm.dynapool.test.ExtentReports.startTest(ExtentReports.java:100)
at br.com.ibm.dynapool.test.ExtentReports.startTest(ExtentReports.java:100)
at br.com.ibm.dynapool.test.ExtentReports.startTest(ExtentReports.java:100)
at br.com.ibm.dynapool.test.ExtentReports.startTest(ExtentReports.java:100)
at br.com.ibm.dynapool.test.ExtentReports.startTest(ExtentReports.java:100)
at br.com.ibm.dynapool.test.ExtentReports.startTest(ExtentReports.java:100)
at br.com.ibm.dynapool.test.ExtentReports.startTest(ExtentReports.java:100)
at br.com.ibm.dynapool.test.ExtentReports.startTest(ExtentReports.java:100)
at br.com.ibm.dynapool.test.ExtentReports.startTest(ExtentReports.java:100)
at br.com.ibm.dynapool.test.ExtentReports.startTest(ExtentReports.java:100)
at br.com.ibm.dynapool.test.ExtentReports.startTest(ExtentReports.java:100)
at br.com.ibm.dynapool.test.ExtentReports.startTest(ExtentReports.java:100)
at br.com.ibm.dynapool.test.ExtentReports.startTest(ExtentReports.java:100)
at br.com.ibm.dynapool.test.ExtentReports.startTest(ExtentReports.java:100)
at br.com.ibm.dynapool.test.ExtentReports.startTest(ExtentReports.java:100)
at br.com.ibm.dynapool.test.ExtentReports.startTest(ExtentReports.java:100)
at br.com.ibm.dynapool.test.ExtentReports.startTest(ExtentReports.java:100)
at br.com.ibm.dynapool.test.ExtentReports.startTest(ExtentReports.java:100)
at br.com.ibm.dynapool.test.ExtentReports.startTest(ExtentReports.java:100)
at br.com.ibm.dynapool.test.ExtentReports.startTest(ExtentReports.java:100)
at br.com.ibm.dynapool.test.ExtentReports.startTest(ExtentReports.java:100)
at br.com.ibm.dynapool.test.ExtentReports.startTest(ExtentReports.java:100)
at br.com.ibm.dynapool.test.ExtentReports.startTest(ExtentReports.java:100)
at br.com.ibm.dynapool.test.ExtentReports.startTest(ExtentReports.java:100)
at br.com.ibm.dynapool.test.ExtentReports.startTest(ExtentReports.java:100)
at br.com.ibm.dynapool.test.ExtentReports.startTest(ExtentReports.java:100)
at br.com.ibm.dynapool.test.ExtentReports.startTest(ExtentReports.java:100)
at br.com.ibm.dynapool.test.ExtentReports.startTest(ExtentReports.java:100)
at br.com.ibm.dynapool.test.ExtentReports.startTest(ExtentReports.java:100)
at br.com.ibm.dynapool.test.ExtentReports.startTest(ExtentReports.java:100)
at br.com.ibm.dynapool.test.ExtentReports.startTest(ExtentReports.java:100)
at br.com.ibm.dynapool.test.ExtentReports.startTest(ExtentReports.java:100)
at br.com.ibm.dynapool.test.ExtentReports.startTest(ExtentReports.java:100)
at br.com.ibm.dynapool.test.ExtentReports.startTest(ExtentReports.java:100)
at br.com.ibm.dynapool.test.ExtentReports.startTest(ExtentReports.java:100)
at br.com.ibm.dynapool.test.ExtentReports.startTest(ExtentReports.java:100)
at br.com.ibm.dynapool.test.ExtentReports.startTest(ExtentReports.java:100)
at br.com.ibm.dynapool.test.ExtentReports.startTest(ExtentReports.java:100)
at br.com.ibm.dynapool.test.ExtentReports.startTest(ExtentReports.java:100)
at br.com.ibm.dynapool.test.ExtentReports.startTest(ExtentReports.java:100)
at br.com.ibm.dynapool.test.ExtentReports.startTest(ExtentReports.java:100)
at br.com.ibm.dynapool.test.ExtentReports.startTest(ExtentReports.java:100)
at br.com.ibm.dynapool.test.ExtentReports.startTest(ExtentReports.java:100)
at br.com.ibm.dynapool.test.ExtentReports.startTest(ExtentReports.java:100)
at br.com.ibm.dynapool.test.ExtentReports.startTest(ExtentReports.java:100)
at br.com.ibm.dynapool.test.ExtentReports.startTest(ExtentReports.java:100)
at br.com.ibm.dynapool.test.ExtentReports.startTest(ExtentReports.java:100)
at br.com.ibm.dynapool.test.ExtentReports.startTest(ExtentReports.java:100)
at br.com.ibm.dynapool.test.ExtentReports.startTest(ExtentReports.java:100)
at br.com.ibm.dynapool.test.ExtentReports.startTest(ExtentReports.java:100)
at br.com.ibm.dynapool.test.ExtentReports.startTest(ExtentReports.java:100)
at br.com.ibm.dynapool.test.ExtentReports.startTest(ExtentReports.java:100)
at br.com.ibm.dynapool.test.ExtentReports.startTest(ExtentReports.java:100)
at br.com.ibm.dynapool.test.ExtentReports.startTest(ExtentReports.java:100)
at br.com.ibm.dynapool.test.ExtentReports.startTest(ExtentReports.java:100)
at br.com.ibm.dynapool.test.ExtentReports.startTest(ExtentReports.java:100)
at br.com.ibm.dynapool.test.ExtentReports.startTest(ExtentReports.java:100)
at br.com.ibm.dynapool.test.ExtentReports.startTest(ExtentReports.java:100)
at br.com.ibm.dynapool.test.ExtentReports.startTest(ExtentReports.java:100)
at br.com.ibm.dynapool.test.ExtentReports.startTest(ExtentReports.java:100)
at br.com.ibm.dynapool.test.ExtentReports.startTest(ExtentReports.java:100)
at br.com.ibm.dynapool.test.ExtentReports.startTest(ExtentReports.java:100)
at br.com.ibm.dynapool.test.ExtentReports.startTest(ExtentReports.java:100)
at br.com.ibm.dynapool.test.ExtentReports.startTest(ExtentReports.java:100)
at br.com.ibm.dynapool.test.ExtentReports.startTest(ExtentReports.java:100)
at br.com.ibm.dynapool.test.ExtentReports.startTest(ExtentReports.java:100)
at br.com.ibm.dynapool.test.ExtentReports.startTest(ExtentReports.java:100)
at br.com.ibm.dynapool.test.ExtentReports.startTest(ExtentReports.java:100)
at br.com.ibm.dynapool.test.ExtentReports.startTest(ExtentReports.java:100)
at br.com.ibm.dynapool.test.ExtentReports.startTest(ExtentReports.java:100)
at br.com.ibm.dynapool.test.ExtentReports.startTest(ExtentReports.java:100)
at br.com.ibm.dynapool.test.ExtentReports.startTest(ExtentReports.java:100)
at br.com.ibm.dynapool.test.ExtentReports.startTest(ExtentReports.java:100)
at br.com.ibm.dynapool.test.ExtentReports.startTest(ExtentReports.java:100)
at br.com.ibm.dynapool.test.ExtentReports.startTest(ExtentReports.java:100)
at br.com.ibm.dynapool.test.ExtentReports.startTest(ExtentReports.java:100)
at br.com.ibm.dynapool.test.ExtentReports.startTest(ExtentReports.java:100)
at br.com.ibm.dynapool.test.ExtentReports.startTest(ExtentReports.java:100)
at br.com.ibm.dynapool.test.ExtentReports.startTest(ExtentReports.java:100)
at br.com.ibm.dynapool.test.ExtentReports.startTest(ExtentReports.java:100)
at br.com.ibm.dynapool.test.ExtentReports.startTest(ExtentReports.java:100)
at br.com.ibm.dynapool.test.ExtentReports.startTest(ExtentReports.java:100)
at br.com.ibm.dynapool.test.ExtentReports.startTest(ExtentReports.java:100)
at br.com.ibm.dynapool.test.ExtentReports.startTest(ExtentReports.java:100)
at br.com.ibm.dynapool.test.ExtentReports.startTest(ExtentReports.java:100)
at br.com.ibm.dynapool.test.ExtentReports.startTest(ExtentReports.java:100)
at br.com.ibm.dynapool.test.ExtentReports.startTest(ExtentReports.java:100)
at br.com.ibm.dynapool.test.ExtentReports.startTest(ExtentReports.java:100)
at br.com.ibm.dynapool.test.ExtentReports.startTest(ExtentReports.java:100)
at br.com.ibm.dynapool.test.ExtentReports.startTest(ExtentReports.java:100)
at br.com.ibm.dynapool.test.ExtentReports.startTest(ExtentReports.java:100)
at br.com.ibm.dynapool.test.ExtentReports.startTest(ExtentReports.java:100)
at br.com.ibm.dynapool.test.ExtentReports.startTest(ExtentReports.java:100)
at br.com.ibm.dynapool.test.ExtentReports.startTest(ExtentReports.java:100)
at br.com.ibm.dynapool.test.ExtentReports.startTest(ExtentReports.java:100)
at br.com.ibm.dynapool.test.ExtentReports.startTest(ExtentReports.java:100)
at br.com.ibm.dynapool.test.ExtentReports.startTest(ExtentReports.java:100)
at br.com.ibm.dynapool.test.ExtentReports.startTest(ExtentReports.java:100)
at br.com.ibm.dynapool.test.ExtentReports.startTest(ExtentReports.java:100)
at br.com.ibm.dynapool.test.ExtentReports.startTest(ExtentReports.java:100)
at br.com.ibm.dynapool.test.ExtentReports.startTest(ExtentReports.java:100)
at br.com.ibm.dynapool.test.ExtentReports.startTest(ExtentReports.java:100)
at br.com.ibm.dynapool.test.ExtentReports.startTest(ExtentReports.java:100)
at br.com.ibm.dynapool.test.ExtentReports.startTest(ExtentReports.java:100)
at br.com.ibm.dynapool.test.ExtentReports.startTest(ExtentReports.java:100)
at br.com.ibm.dynapool.test.ExtentReports.startTest(ExtentReports.java:100)
at br.com.ibm.dynapool.test.ExtentReports.startTest(ExtentReports.java:100)
at br.com.ibm.dynapool.test.ExtentReports.startTest(ExtentReports.java:100)
at br.com.ibm.dynapool.test.ExtentReports.startTest(ExtentReports.java:100)
at br.com.ibm.dynapool.test.ExtentReports.startTest(ExtentReports.java:100)
at br.com.ibm.dynapool.test.ExtentReports.startTest(ExtentReports.java:100)
at br.com.ibm.dynapool.test.ExtentReports.startTest(ExtentReports.java:100)
at br.com.ibm.dynapool.test.ExtentReports.startTest(ExtentReports.java:100)
at br.com.ibm.dynapool.test.ExtentReports.startTest(ExtentReports.java:100)
at br.com.ibm.dynapool.test.ExtentReports.startTest(ExtentReports.java:100)
at br.com.ibm.dynapool.test.ExtentReports.startTest(ExtentReports.java:100)
at br.com.ibm.dynapool.test.ExtentReports.startTest(ExtentReports.java:100)
at br.com.ibm.dynapool.test.ExtentReports.startTest(ExtentReports.java:100)
at br.com.ibm.dynapool.test.ExtentReports.startTest(ExtentReports.java:100)
at br.com.ibm.dynapool.test.ExtentReports.startTest(ExtentReports.java:100)
at br.com.ibm.dynapool.test.ExtentReports.startTest(ExtentReports.java:100)
at br.com.ibm.dynapool.test.ExtentReports.startTest(ExtentReports.java:100)
at br.com.ibm.dynapool.test.ExtentReports.startTest(ExtentReports.java:100)
at br.com.ibm.dynapool.test.ExtentReports.startTest(ExtentReports.java:100)
at br.com.ibm.dynapool.test.ExtentReports.startTest(ExtentReports.java:100)
at br.com.ibm.dynapool.test.ExtentReports.startTest(ExtentReports.java:100)
at br.com.ibm.dynapool.test.ExtentReports.startTest(ExtentReports.java:100)
at br.com.ibm.dynapool.test.ExtentReports.startTest(ExtentReports.java:100)
at br.com.ibm.dynapool.test.ExtentReports.startTest(ExtentReports.java:100)
at br.com.ibm.dynapool.test.ExtentReports.startTest(ExtentReports.java:100)
at br.com.ibm.dynapool.test.ExtentReports.startTest(ExtentReports.java:100)
at br.com.ibm.dynapool.test.ExtentReports.startTest(ExtentReports.java:100)
at br.com.ibm.dynapool.test.ExtentReports.startTest(ExtentReports.java:100)
at br.com.ibm.dynapool.test.ExtentReports.startTest(ExtentReports.java:100)
at br.com.ibm.dynapool.test.ExtentReports.startTest(ExtentReports.java:100)
at br.com.ibm.dynapool.test.ExtentReports.startTest(ExtentReports.java:100)
at br.com.ibm.dynapool.test.ExtentReports.startTest(ExtentReports.java:100)
at br.com.ibm.dynapool.test.ExtentReports.startTest(ExtentReports.java:100)
at br.com.ibm.dynapool.test.ExtentReports.startTest(ExtentReports.java:100)
at br.com.ibm.dynapool.test.ExtentReports.startTest(ExtentReports.java:100)
at br.com.ibm.dynapool.test.ExtentReports.startTest(ExtentReports.java:100)
at br.com.ibm.dynapool.test.ExtentReports.startTest(ExtentReports.java:100)
at br.com.ibm.dynapool.test.ExtentReports.startTest(ExtentReports.java:100)
at br.com.ibm.dynapool.test.ExtentReports.startTest(ExtentReports.java:100)
at br.com.ibm.dynapool.test.ExtentReports.startTest(ExtentReports.java:100)
at br.com.ibm.dynapool.test.ExtentReports.startTest(ExtentReports.java:100)
at br.com.ibm.dynapool.test.ExtentReports.startTest(ExtentReports.java:100)
at br.com.ibm.dynapool.test.ExtentReports.startTest(ExtentReports.java:100)
at br.com.ibm.dynapool.test.ExtentReports.startTest(ExtentReports.java:100)
at br.com.ibm.dynapool.test.ExtentReports.startTest(ExtentReports.java:100)
at br.com.ibm.dynapool.test.ExtentReports.startTest(ExtentReports.java:100)
at br.com.ibm.dynapool.test.ExtentReports.startTest(ExtentReports.java:100)
at br.com.ibm.dynapool.test.ExtentReports.startTest(ExtentReports.java:100)
at br.com.ibm.dynapool.test.ExtentReports.startTest(ExtentReports.java:100)
at br.com.ibm.dynapool.test.ExtentReports.startTest(ExtentReports.java:100)
at br.com.ibm.dynapool.test.ExtentReports.startTest(ExtentReports.java:100)
at br.com.ibm.dynapool.test.ExtentReports.startTest(ExtentReports.java:100)
at br.com.ibm.dynapool.test.ExtentReports.startTest(ExtentReports.java:100)
at br.com.ibm.dynapool.test.ExtentReports.startTest(ExtentReports.java:100)
at br.com.ibm.dynapool.test.ExtentReports.startTest(ExtentReports.java:100)
at br.com.ibm.dynapool.test.ExtentReports.startTest(ExtentReports.java:100)
at br.com.ibm.dynapool.test.ExtentReports.startTest(ExtentReports.java:100)
at br.com.ibm.dynapool.test.ExtentReports.startTest(ExtentReports.java:100)
at br.com.ibm.dynapool.test.ExtentReports.startTest(ExtentReports.java:100)
at br.com.ibm.dynapool.test.ExtentReports.startTest(ExtentReports.java:100)
at br.com.ibm.dynapool.test.ExtentReports.startTest(ExtentReports.java:100)
at br.com.ibm.dynapool.test.ExtentReports.startTest(ExtentReports.java:100)
at br.com.ibm.dynapool.test.ExtentReports.startTest(ExtentReports.java:100)
at br.com.ibm.dynapool.test.ExtentReports.startTest(ExtentReports.java:100)
at br.com.ibm.dynapool.test.ExtentReports.startTest(ExtentReports.java:100)
at br.com.ibm.dynapool.test.ExtentReports.startTest(ExtentReports.java:100)
at br.com.ibm.dynapool.test.ExtentReports.startTest(ExtentReports.java:100)
at br.com.ibm.dynapool.test.ExtentReports.startTest(ExtentReports.java:100)
at br.com.ibm.dynapool.test.ExtentReports.startTest(ExtentReports.java:100)
at br.com.ibm.dynapool.test.ExtentReports.startTest(ExtentReports.java:100)
at br.com.ibm.dynapool.test.ExtentReports.startTest(ExtentReports.java:100)
at br.com.ibm.dynapool.test.ExtentReports.startTest(ExtentReports.java:100)
at br.com.ibm.dynapool.test.ExtentReports.startTest(ExtentReports.java:100)
at br.com.ibm.dynapool.test.ExtentReports.startTest(ExtentReports.java:100)
at br.com.ibm.dynapool.test.ExtentReports.startTest(ExtentReports.java:100)
at br.com.ibm.dynapool.test.ExtentReports.startTest(ExtentReports.java:100)
at br.com.ibm.dynapool.test.ExtentReports.startTest(ExtentReports.java:100)
at br.com.ibm.dynapool.test.ExtentReports.startTest(ExtentReports.java:100)
at br.com.ibm.dynapool.test.ExtentReports.startTest(ExtentReports.java:100)
at br.com.ibm.dynapool.test.ExtentReports.startTest(ExtentReports.java:100)
at br.com.ibm.dynapool.test.ExtentReports.startTest(ExtentReports.java:100)
at br.com.ibm.dynapool.test.ExtentReports.startTest(ExtentReports.java:100)
at br.com.ibm.dynapool.test.ExtentReports.startTest(ExtentReports.java:100)
at br.com.ibm.dynapool.test.ExtentReports.startTest(ExtentReports.java:100)
at br.com.ibm.dynapool.test.ExtentReports.startTest(ExtentReports.java:100)
at br.com.ibm.dynapool.test.ExtentReports.startTest(ExtentReports.java:100)
at br.com.ibm.dynapool.test.ExtentReports.startTest(ExtentReports.java:100)
at br.com.ibm.dynapool.test.ExtentReports.startTest(ExtentReports.java:100)
at br.com.ibm.dynapool.test.ExtentReports.startTest(ExtentReports.java:100)
at br.com.ibm.dynapool.test.ExtentReports.startTest(ExtentReports.java:100)
at br.com.ibm.dynapool.test.ExtentReports.startTest(ExtentReports.java:100)
at br.com.ibm.dynapool.test.ExtentReports.startTest(ExtentReports.java:100)
at br.com.ibm.dynapool.test.ExtentReports.startTest(ExtentReports.java:100)
at br.com.ibm.dynapool.test.ExtentReports.startTest(ExtentReports.java:100)
at br.com.ibm.dynapool.test.ExtentReports.startTest(ExtentReports.java:100)
at br.com.ibm.dynapool.test.ExtentReports.startTest(ExtentReports.java:100)
at br.com.ibm.dynapool.test.ExtentReports.startTest(ExtentReports.java:100)
at br.com.ibm.dynapool.test.ExtentReports.startTest(ExtentReports.java:100)
at br.com.ibm.dynapool.test.ExtentReports.startTest(ExtentReports.java:100)
at br.com.ibm.dynapool.test.ExtentReports.startTest(ExtentReports.java:100)
at br.com.ibm.dynapool.test.ExtentReports.startTest(ExtentReports.java:100)
at br.com.ibm.dynapool.test.ExtentReports.startTest(ExtentReports.java:100)
at br.com.ibm.dynapool.test.ExtentReports.startTest(ExtentReports.java:100)
at br.com.ibm.dynapool.test.ExtentReports.startTest(ExtentReports.java:100)
at br.com.ibm.dynapool.test.ExtentReports.startTest(ExtentReports.java:100)
at br.com.ibm.dynapool.test.ExtentReports.startTest(ExtentReports.java:100)
at br.com.ibm.dynapool.test.ExtentReports.startTest(ExtentReports.java:100)
at br.com.ibm.dynapool.test.ExtentReports.startTest(ExtentReports.java:100)
at br.com.ibm.dynapool.test.ExtentReports.startTest(ExtentReports.java:100)
at br.com.ibm.dynapool.test.ExtentReports.startTest(ExtentReports.java:100)
at br.com.ibm.dynapool.test.ExtentReports.startTest(ExtentReports.java:100)
at br.com.ibm.dynapool.test.ExtentReports.startTest(ExtentReports.java:100)
at br.com.ibm.dynapool.test.ExtentReports.startTest(ExtentReports.java:100)
at br.com.ibm.dynapool.test.ExtentReports.startTest(ExtentReports.java:100)
at br.com.ibm.dynapool.test.ExtentReports.startTest(ExtentReports.java:100)
at br.com.ibm.dynapool.test.ExtentReports.startTest(ExtentReports.java:100)
at br.com.ibm.dynapool.test.ExtentReports.startTest(ExtentReports.java:100)
at br.com.ibm.dynapool.test.ExtentReports.startTest(ExtentReports.java:100)
at br.com.ibm.dynapool.test.ExtentReports.startTest(ExtentReports.java:100)
at br.com.ibm.dynapool.test.ExtentReports.startTest(ExtentReports.java:100)
at br.com.ibm.dynapool.test.ExtentReports.startTest(ExtentReports.java:100)
at br.com.ibm.dynapool.test.ExtentReports.startTest(ExtentReports.java:100)
at br.com.ibm.dynapool.test.ExtentReports.startTest(ExtentReports.java:100)
at br.com.ibm.dynapool.test.ExtentReports.startTest(ExtentReports.java:100)
at br.com.ibm.dynapool.test.ExtentReports.startTest(ExtentReports.java:100)
at br.com.ibm.dynapool.test.ExtentReports.startTest(ExtentReports.java:100)
at br.com.ibm.dynapool.test.ExtentReports.startTest(ExtentReports.java:100)
at br.com.ibm.dynapool.test.ExtentReports.startTest(ExtentReports.java:100)
at br.com.ibm.dynapool.test.ExtentReports.startTest(ExtentReports.java:100)
at br.com.ibm.dynapool.test.ExtentReports.startTest(ExtentReports.java:100)
at br.com.ibm.dynapool.test.ExtentReports.startTest(ExtentReports.java:100)
at br.com.ibm.dynapool.test.ExtentReports.startTest(ExtentReports.java:100)
at br.com.ibm.dynapool.test.ExtentReports.startTest(ExtentReports.java:100)
at br.com.ibm.dynapool.test.ExtentReports.startTest(ExtentReports.java:100)
at br.com.ibm.dynapool.test.ExtentReports.startTest(ExtentReports.java:100)
at br.com.ibm.dynapool.test.ExtentReports.startTest(ExtentReports.java:100)
at br.com.ibm.dynapool.test.ExtentReports.startTest(ExtentReports.java:100)
at br.com.ibm.dynapool.test.ExtentReports.startTest(ExtentReports.java:100)
at br.com.ibm.dynapool.test.ExtentReports.startTest(ExtentReports.java:100)
at br.com.ibm.dynapool.test.ExtentReports.startTest(ExtentReports.java:100)
at br.com.ibm.dynapool.test.ExtentReports.startTest(ExtentReports.java:100)
at br.com.ibm.dynapool.test.ExtentReports.startTest(ExtentReports.java:100)
at br.com.ibm.dynapool.test.ExtentReports.startTest(ExtentReports.java:100)
at br.com.ibm.dynapool.test.ExtentReports.startTest(ExtentReports.java:100)
at br.com.ibm.dynapool.test.ExtentReports.startTest(ExtentReports.java:100)
at br.com.ibm.dynapool.test.ExtentReports.startTest(ExtentReports.java:100)
at br.com.ibm.dynapool.test.ExtentReports.startTest(ExtentReports.java:100)
at br.com.ibm.dynapool.test.ExtentReports.startTest(ExtentReports.java:100)
at br.com.ibm.dynapool.test.ExtentReports.startTest(ExtentReports.java:100)
at br.com.ibm.dynapool.test.ExtentReports.startTest(ExtentReports.java:100)
at br.com.ibm.dynapool.test.ExtentReports.startTest(ExtentReports.java:100)
at br.com.ibm.dynapool.test.ExtentReports.startTest(ExtentReports.java:100)
at br.com.ibm.dynapool.test.ExtentReports.startTest(ExtentReports.java:100)
at br.com.ibm.dynapool.test.ExtentReports.startTest(ExtentReports.java:100)
at br.com.ibm.dynapool.test.ExtentReports.startTest(ExtentReports.java:100)
at br.com.ibm.dynapool.test.ExtentReports.startTest(ExtentReports.java:100)
at br.com.ibm.dynapool.test.ExtentReports.startTest(ExtentReports.java:100)
at br.com.ibm.dynapool.test.ExtentReports.startTest(ExtentReports.java:100)
at br.com.ibm.dynapool.test.ExtentReports.startTest(ExtentReports.java:100)
at br.com.ibm.dynapool.test.ExtentReports.startTest(ExtentReports.java:100)
at br.com.ibm.dynapool.test.ExtentReports.startTest(ExtentReports.java:100)
at br.com.ibm.dynapool.test.ExtentReports.startTest(ExtentReports.java:100)
at br.com.ibm.dynapool.test.ExtentReports.startTest(ExtentReports.java:100)
at br.com.ibm.dynapool.test.ExtentReports.startTest(ExtentReports.java:100)
at br.com.ibm.dynapool.test.ExtentReports.startTest(ExtentReports.java:100)
at br.com.ibm.dynapool.test.ExtentReports.startTest(ExtentReports.java:100)
at br.com.ibm.dynapool.test.ExtentReports.startTest(ExtentReports.java:100)
at br.com.ibm.dynapool.test.ExtentReports.startTest(ExtentReports.java:100)
at br.com.ibm.dynapool.test.ExtentReports.startTest(ExtentReports.java:100)
at br.com.ibm.dynapool.test.ExtentReports.startTest(ExtentReports.java:100)
at br.com.ibm.dynapool.test.ExtentReports.startTest(ExtentReports.java:100)
at br.com.ibm.dynapool.test.ExtentReports.startTest(ExtentReports.java:100)
at br.com.ibm.dynapool.test.ExtentReports.startTest(ExtentReports.java:100)
at br.com.ibm.dynapool.test.ExtentReports.startTest(ExtentReports.java:100)
at br.com.ibm.dynapool.test.ExtentReports.startTest(ExtentReports.java:100)
at br.com.ibm.dynapool.test.ExtentReports.startTest(ExtentReports.java:100)
at br.com.ibm.dynapool.test.ExtentReports.startTest(ExtentReports.java:100)
at br.com.ibm.dynapool.test.ExtentReports.startTest(ExtentReports.java:100)
at br.com.ibm.dynapool.test.ExtentReports.startTest(ExtentReports.java:100)
at br.com.ibm.dynapool.test.ExtentReports.startTest(ExtentReports.java:100)
at br.com.ibm.dynapool.test.ExtentReports.startTest(ExtentReports.java:100)
at br.com.ibm.dynapool.test.ExtentReports.startTest(ExtentReports.java:100)
at br.com.ibm.dynapool.test.ExtentReports.startTest(ExtentReports.java:100)
at br.com.ibm.dynapool.test.ExtentReports.startTest(ExtentReports.java:100)
at br.com.ibm.dynapool.test.ExtentReports.startTest(ExtentReports.java:100)
at br.com.ibm.dynapool.test.ExtentReports.startTest(ExtentReports.java:100)
at br.com.ibm.dynapool.test.ExtentReports.startTest(ExtentReports.java:100)
at br.com.ibm.dynapool.test.ExtentReports.startTest(ExtentReports.java:100)
at br.com.ibm.dynapool.test.ExtentReports.startTest(ExtentReports.java:100)
at br.com.ibm.dynapool.test.ExtentReports.startTest(ExtentReports.java:100)
at br.com.ibm.dynapool.test.ExtentReports.startTest(ExtentReports.java:100)
at br.com.ibm.dynapool.test.ExtentReports.startTest(ExtentReports.java:100)
at br.com.ibm.dynapool.test.ExtentReports.startTest(ExtentReports.java:100)
at br.com.ibm.dynapool.test.ExtentReports.startTest(ExtentReports.java:100)
at br.com.ibm.dynapool.test.ExtentReports.startTest(ExtentReports.java:100)
at br.com.ibm.dynapool.test.ExtentReports.startTest(ExtentReports.java:100)
at br.com.ibm.dynapool.test.ExtentReports.startTest(ExtentReports.java:100)
at br.com.ibm.dynapool.test.ExtentReports.startTest(ExtentReports.java:100)
at br.com.ibm.dynapool.test.ExtentReports.startTest(ExtentReports.java:100)
at br.com.ibm.dynapool.test.ExtentReports.startTest(ExtentReports.java:100)
at br.com.ibm.dynapool.test.ExtentReports.startTest(ExtentReports.java:100)
at br.com.ibm.dynapool.test.ExtentReports.startTest(ExtentReports.java:100)
at br.com.ibm.dynapool.test.ExtentReports.startTest(ExtentReports.java:100)
at br.com.ibm.dynapool.test.ExtentReports.startTest(ExtentReports.java:100)
at br.com.ibm.dynapool.test.ExtentReports.startTest(ExtentReports.java:100)
at br.com.ibm.dynapool.test.ExtentReports.startTest(ExtentReports.java:100)
at br.com.ibm.dynapool.test.ExtentReports.startTest(ExtentReports.java:100)
at br.com.ibm.dynapool.test.ExtentReports.startTest(ExtentReports.java:100)
at br.com.ibm.dynapool.test.ExtentReports.startTest(ExtentReports.java:100)
at br.com.ibm.dynapool.test.ExtentReports.startTest(ExtentReports.java:100)
at br.com.ibm.dynapool.test.ExtentReports.startTest(ExtentReports.java:100)
at br.com.ibm.dynapool.test.ExtentReports.startTest(ExtentReports.java:100)
at br.com.ibm.dynapool.test.ExtentReports.startTest(ExtentReports.java:100)
at br.com.ibm.dynapool.test.ExtentReports.startTest(ExtentReports.java:100)
at br.com.ibm.dynapool.test.ExtentReports.startTest(ExtentReports.java:100)
at br.com.ibm.dynapool.test.ExtentReports.startTest(ExtentReports.java:100)
at br.com.ibm.dynapool.test.ExtentReports.startTest(ExtentReports.java:100)
at br.com.ibm.dynapool.test.ExtentReports.startTest(ExtentReports.java:100)
at br.com.ibm.dynapool.test.ExtentReports.startTest(ExtentReports.java:100)
at br.com.ibm.dynapool.test.ExtentReports.startTest(ExtentReports.java:100)
at br.com.ibm.dynapool.test.ExtentReports.startTest(ExtentReports.java:100)
at br.com.ibm.dynapool.test.ExtentReports.startTest(ExtentReports.java:100)
at br.com.ibm.dynapool.test.ExtentReports.startTest(ExtentReports.java:100)
at br.com.ibm.dynapool.test.ExtentReports.startTest(ExtentReports.java:100)
at br.com.ibm.dynapool.test.ExtentReports.startTest(ExtentReports.java:100)
at br.com.ibm.dynapool.test.ExtentReports.startTest(ExtentReports.java:100)
at br.com.ibm.dynapool.test.ExtentReports.startTest(ExtentReports.java:100)
at br.com.ibm.dynapool.test.ExtentReports.startTest(ExtentReports.java:100)
at br.com.ibm.dynapool.test.ExtentReports.startTest(ExtentReports.java:100)
at br.com.ibm.dynapool.test.ExtentReports.startTest(ExtentReports.java:100)
at br.com.ibm.dynapool.test.ExtentReports.startTest(ExtentReports.java:100)
at br.com.ibm.dynapool.test.ExtentReports.startTest(ExtentReports.java:100)
at br.com.ibm.dynapool.test.ExtentReports.startTest(ExtentReports.java:100)
at br.com.ibm.dynapool.test.ExtentReports.startTest(ExtentReports.java:100)
at br.com.ibm.dynapool.test.ExtentReports.startTest(ExtentReports.java:100)
at br.com.ibm.dynapool.test.ExtentReports.startTest(ExtentReports.java:100)
at br.com.ibm.dynapool.test.ExtentReports.startTest(ExtentReports.java:100)
at br.com.ibm.dynapool.test.ExtentReports.startTest(ExtentReports.java:100)
at br.com.ibm.dynapool.test.ExtentReports.startTest(ExtentReports.java:100)
at br.com.ibm.dynapool.test.ExtentReports.startTest(ExtentReports.java:100)
at br.com.ibm.dynapool.test.ExtentReports.startTest(ExtentReports.java:100)
at br.com.ibm.dynapool.test.ExtentReports.startTest(ExtentReports.java:100)
at br.com.ibm.dynapool.test.ExtentReports.startTest(ExtentReports.java:100)
at br.com.ibm.dynapool.test.ExtentReports.startTest(ExtentReports.java:100)
at br.com.ibm.dynapool.test.ExtentReports.startTest(ExtentReports.java:100)
at br.com.ibm.dynapool.test.ExtentReports.startTest(ExtentReports.java:100)
at br.com.ibm.dynapool.test.ExtentReports.startTest(ExtentReports.java:100)
at br.com.ibm.dynapool.test.ExtentReports.startTest(ExtentReports.java:100)
at br.com.ibm.dynapool.test.ExtentReports.startTest(ExtentReports.java:100)
at br.com.ibm.dynapool.test.ExtentReports.startTest(ExtentReports.java:100)
at br.com.ibm.dynapool.test.ExtentReports.startTest(ExtentReports.java:100)
at br.com.ibm.dynapool.test.ExtentReports.startTest(ExtentReports.java:100)
at br.com.ibm.dynapool.test.ExtentReports.startTest(ExtentReports.java:100)
at br.com.ibm.dynapool.test.ExtentReports.startTest(ExtentReports.java:100)
at br.com.ibm.dynapool.test.ExtentReports.startTest(ExtentReports.java:100)
at br.com.ibm.dynapool.test.ExtentReports.startTest(ExtentReports.java:100)
at br.com.ibm.dynapool.test.ExtentReports.startTest(ExtentReports.java:100)
at br.com.ibm.dynapool.test.ExtentReports.startTest(ExtentReports.java:100)
at br.com.ibm.dynapool.test.ExtentReports.startTest(ExtentReports.java:100)
at br.com.ibm.dynapool.test.ExtentReports.startTest(ExtentReports.java:100)
at br.com.ibm.dynapool.test.ExtentReports.startTest(ExtentReports.java:100)
at br.com.ibm.dynapool.test.ExtentReports.startTest(ExtentReports.java:100)
at br.com.ibm.dynapool.test.ExtentReports.startTest(ExtentReports.java:100)
at br.com.ibm.dynapool.test.ExtentReports.startTest(ExtentReports.java:100)
at br.com.ibm.dynapool.test.ExtentReports.startTest(ExtentReports.java:100)
at br.com.ibm.dynapool.test.ExtentReports.startTest(ExtentReports.java:100)
at br.com.ibm.dynapool.test.ExtentReports.startTest(ExtentReports.java:100)
at br.com.ibm.dynapool.test.ExtentReports.startTest(ExtentReports.java:100)
at br.com.ibm.dynapool.test.ExtentReports.startTest(ExtentReports.java:100)
at br.com.ibm.dynapool.test.ExtentReports.startTest(ExtentReports.java:100)
at br.com.ibm.dynapool.test.ExtentReports.startTest(ExtentReports.java:100)
at br.com.ibm.dynapool.test.ExtentReports.startTest(ExtentReports.java:100)
at br.com.ibm.dynapool.test.ExtentReports.startTest(ExtentReports.java:100)
at br.com.ibm.dynapool.test.ExtentReports.startTest(ExtentReports.java:100)
at br.com.ibm.dynapool.test.ExtentReports.startTest(ExtentReports.java:100)
at br.com.ibm.dynapool.test.ExtentReports.startTest(ExtentReports.java:100)
at br.com.ibm.dynapool.test.ExtentReports.startTest(ExtentReports.java:100)
at br.com.ibm.dynapool.test.ExtentReports.startTest(ExtentReports.java:100)
at br.com.ibm.dynapool.test.ExtentReports.startTest(ExtentReports.java:100)
at br.com.ibm.dynapool.test.ExtentReports.startTest(ExtentReports.java:100)
at br.com.ibm.dynapool.test.ExtentReports.startTest(ExtentReports.java:100)
at br.com.ibm.dynapool.test.ExtentReports.startTest(ExtentReports.java:100)
at br.com.ibm.dynapool.test.ExtentReports.startTest(ExtentReports.java:100)
at br.com.ibm.dynapool.test.ExtentReports.startTest(ExtentReports.java:100)
at br.com.ibm.dynapool.test.ExtentReports.startTest(ExtentReports.java:100)
at br.com.ibm.dynapool.test.ExtentReports.startTest(ExtentReports.java:100)
at br.com.ibm.dynapool.test.ExtentReports.startTest(ExtentReports.java:100)
at br.com.ibm.dynapool.test.ExtentReports.startTest(ExtentReports.java:100)
at br.com.ibm.dynapool.test.ExtentReports.startTest(ExtentReports.java:100)
at br.com.ibm.dynapool.test.ExtentReports.startTest(ExtentReports.java:100)
at br.com.ibm.dynapool.test.ExtentReports.startTest(ExtentReports.java:100)
at br.com.ibm.dynapool.test.ExtentReports.startTest(ExtentReports.java:100)
at br.com.ibm.dynapool.test.ExtentReports.startTest(ExtentReports.java:100)
at br.com.ibm.dynapool.test.ExtentReports.startTest(ExtentReports.java:100)
at br.com.ibm.dynapool.test.ExtentReports.startTest(ExtentReports.java:100)
at br.com.ibm.dynapool.test.ExtentReports.startTest(ExtentReports.java:100)
at br.com.ibm.dynapool.test.ExtentReports.startTest(ExtentReports.java:100)
at br.com.ibm.dynapool.test.ExtentReports.startTest(ExtentReports.java:100)
at br.com.ibm.dynapool.test.ExtentReports.startTest(ExtentReports.java:100)
at br.com.ibm.dynapool.test.ExtentReports.startTest(ExtentReports.java:100)
at br.com.ibm.dynapool.test.ExtentReports.startTest(ExtentReports.java:100)
at br.com.ibm.dynapool.test.ExtentReports.startTest(ExtentReports.java:100)
at br.com.ibm.dynapool.test.ExtentReports.startTest(ExtentReports.java:100)
at br.com.ibm.dynapool.test.ExtentReports.startTest(ExtentReports.java:100)
at br.com.ibm.dynapool.test.ExtentReports.startTest(ExtentReports.java:100)
at br.com.ibm.dynapool.test.ExtentReports.startTest(ExtentReports.java:100)
at br.com.ibm.dynapool.test.ExtentReports.startTest(ExtentReports.java:100)
at br.com.ibm.dynapool.test.ExtentReports.startTest(ExtentReports.java:100)
at br.com.ibm.dynapool.test.ExtentReports.startTest(ExtentReports.java:100)
at br.com.ibm.dynapool.test.ExtentReports.startTest(ExtentReports.java:100)
at br.com.ibm.dynapool.test.ExtentReports.startTest(ExtentReports.java:100)
at br.com.ibm.dynapool.test.ExtentReports.startTest(ExtentReports.java:100)
at br.com.ibm.dynapool.test.ExtentReports.startTest(ExtentReports.java:100)
at br.com.ibm.dynapool.test.ExtentReports.startTest(ExtentReports.java:100)
at br.com.ibm.dynapool.test.ExtentReports.startTest(ExtentReports.java:100)
at br.com.ibm.dynapool.test.ExtentReports.startTest(ExtentReports.java:100)
at br.com.ibm.dynapool.test.ExtentReports.startTest(ExtentReports.java:100)
at br.com.ibm.dynapool.test.ExtentReports.startTest(ExtentReports.java:100)
at br.com.ibm.dynapool.test.ExtentReports.startTest(ExtentReports.java:100)
at br.com.ibm.dynapool.test.ExtentReports.startTest(ExtentReports.java:100)
at br.com.ibm.dynapool.test.ExtentReports.startTest(ExtentReports.java:100)
at br.com.ibm.dynapool.test.ExtentReports.startTest(ExtentReports.java:100)
at br.com.ibm.dynapool.test.ExtentReports.startTest(ExtentReports.java:100)
at br.com.ibm.dynapool.test.ExtentReports.startTest(ExtentReports.java:100)
at br.com.ibm.dynapool.test.ExtentReports.startTest(ExtentReports.java:100)
at br.com.ibm.dynapool.test.ExtentReports.startTest(ExtentReports.java:100)
at br.com.ibm.dynapool.test.ExtentReports.startTest(ExtentReports.java:100)
at br.com.ibm.dynapool.test.ExtentReports.startTest(ExtentReports.java:100)
at br.com.ibm.dynapool.test.ExtentReports.startTest(ExtentReports.java:100)
at br.com.ibm.dynapool.test.ExtentReports.startTest(ExtentReports.java:100)
at br.com.ibm.dynapool.test.ExtentReports.startTest(ExtentReports.java:100)
at br.com.ibm.dynapool.test.ExtentReports.startTest(ExtentReports.java:100)
at br.com.ibm.dynapool.test.ExtentReports.startTest(ExtentReports.java:100)
at br.com.ibm.dynapool.test.ExtentReports.startTest(ExtentReports.java:100)
at br.com.ibm.dynapool.test.ExtentReports.startTest(ExtentReports.java:100)
at br.com.ibm.dynapool.test.ExtentReports.startTest(ExtentReports.java:100)
at br.com.ibm.dynapool.test.ExtentReports.startTest(ExtentReports.java:100)
at br.com.ibm.dynapool.test.ExtentReports.startTest(ExtentReports.java:100)
at br.com.ibm.dynapool.test.ExtentReports.startTest(ExtentReports.java:100)
at br.com.ibm.dynapool.test.ExtentReports.startTest(ExtentReports.java:100)
at br.com.ibm.dynapool.test.ExtentReports.startTest(ExtentReports.java:100)
at br.com.ibm.dynapool.test.ExtentReports.startTest(ExtentReports.java:100)
at br.com.ibm.dynapool.test.ExtentReports.startTest(ExtentReports.java:100)
at br.com.ibm.dynapool.test.ExtentReports.startTest(ExtentReports.java:100)
at br.com.ibm.dynapool.test.ExtentReports.startTest(ExtentReports.java:100)
at br.com.ibm.dynapool.test.ExtentReports.startTest(ExtentReports.java:100)
at br.com.ibm.dynapool.test.ExtentReports.startTest(ExtentReports.java:100)
at br.com.ibm.dynapool.test.ExtentReports.startTest(ExtentReports.java:100)
at br.com.ibm.dynapool.test.ExtentReports.startTest(ExtentReports.java:100)
at br.com.ibm.dynapool.test.ExtentReports.startTest(ExtentReports.java:100)
at br.com.ibm.dynapool.test.ExtentReports.startTest(ExtentReports.java:100)
at br.com.ibm.dynapool.test.ExtentReports.startTest(ExtentReports.java:100)
at br.com.ibm.dynapool.test.ExtentReports.startTest(ExtentReports.java:100)
at br.com.ibm.dynapool.test.ExtentReports.startTest(ExtentReports.java:100)
at br.com.ibm.dynapool.test.ExtentReports.startTest(ExtentReports.java:100)
at br.com.ibm.dynapool.test.ExtentReports.startTest(ExtentReports.java:100)
at br.com.ibm.dynapool.test.ExtentReports.startTest(ExtentReports.java:100)
at br.com.ibm.dynapool.test.ExtentReports.startTest(ExtentReports.java:100)
at br.com.ibm.dynapool.test.ExtentReports.startTest(ExtentReports.java:100)
at br.com.ibm.dynapool.test.ExtentReports.startTest(ExtentReports.java:100)
at br.com.ibm.dynapool.test.ExtentReports.startTest(ExtentReports.java:100)
at br.com.ibm.dynapool.test.ExtentReports.startTest(ExtentReports.java:100)
at br.com.ibm.dynapool.test.ExtentReports.startTest(ExtentReports.java:100)
at br.com.ibm.dynapool.test.ExtentReports.startTest(ExtentReports.java:100)
at br.com.ibm.dynapool.test.ExtentReports.startTest(ExtentReports.java:100)
at br.com.ibm.dynapool.test.ExtentReports.startTest(ExtentReports.java:100)
at br.com.ibm.dynapool.test.ExtentReports.startTest(ExtentReports.java:100)
at br.com.ibm.dynapool.test.ExtentReports.startTest(ExtentReports.java:100)
at br.com.ibm.dynapool.test.ExtentReports.startTest(ExtentReports.java:100)
at br.com.ibm.dynapool.test.ExtentReports.startTest(ExtentReports.java:100)
at br.com.ibm.dynapool.test.ExtentReports.startTest(ExtentReports.java:100)
at br.com.ibm.dynapool.test.ExtentReports.startTest(ExtentReports.java:100)
at br.com.ibm.dynapool.test.ExtentReports.startTest(ExtentReports.java:100)
at br.com.ibm.dynapool.test.ExtentReports.startTest(ExtentReports.java:100)
at br.com.ibm.dynapool.test.ExtentReports.startTest(ExtentReports.java:100)
at br.com.ibm.dynapool.test.ExtentReports.startTest(ExtentReports.java:100)
at br.com.ibm.dynapool.test.ExtentReports.startTest(ExtentReports.java:100)
at br.com.ibm.dynapool.test.ExtentReports.startTest(ExtentReports.java:100)
at br.com.ibm.dynapool.test.ExtentReports.startTest(ExtentReports.java:100)
at br.com.ibm.dynapool.test.ExtentReports.startTest(ExtentReports.java:100)
at br.com.ibm.dynapool.test.ExtentReports.startTest(ExtentReports.java:100)
at br.com.ibm.dynapool.test.ExtentReports.startTest(ExtentReports.java:100)
at br.com.ibm.dynapool.test.ExtentReports.startTest(ExtentReports.java:100)
at br.com.ibm.dynapool.test.ExtentReports.startTest(ExtentReports.java:100)
at br.com.ibm.dynapool.test.ExtentReports.startTest(ExtentReports.java:100)
at br.com.ibm.dynapool.test.ExtentReports.startTest(ExtentReports.java:100)
at br.com.ibm.dynapool.test.ExtentReports.startTest(ExtentReports.java:100)
at br.com.ibm.dynapool.test.ExtentReports.startTest(ExtentReports.java:100)
at br.com.ibm.dynapool.test.ExtentReports.startTest(ExtentReports.java:100)
at br.com.ibm.dynapool.test.ExtentReports.startTest(ExtentReports.java:100)
at br.com.ibm.dynapool.test.ExtentReports.startTest(ExtentReports.java:100)
at br.com.ibm.dynapool.test.ExtentReports.startTest(ExtentReports.java:100)
at br.com.ibm.dynapool.test.ExtentReports.startTest(ExtentReports.java:100)
at br.com.ibm.dynapool.test.ExtentReports.startTest(ExtentReports.java:100)
at br.com.ibm.dynapool.test.ExtentReports.startTest(ExtentReports.java:100)
at br.com.ibm.dynapool.test.ExtentReports.startTest(ExtentReports.java:100)
at br.com.ibm.dynapool.test.ExtentReports.startTest(ExtentReports.java:100)
at br.com.ibm.dynapool.test.ExtentReports.startTest(ExtentReports.java:100)
at br.com.ibm.dynapool.test.ExtentReports.startTest(ExtentReports.java:100)
at br.com.ibm.dynapool.test.ExtentReports.startTest(ExtentReports.java:100)
at br.com.ibm.dynapool.test.ExtentReports.startTest(ExtentReports.java:100)
at br.com.ibm.dynapool.test.ExtentReports.startTest(ExtentReports.java:100)
at br.com.ibm.dynapool.test.ExtentReports.startTest(ExtentReports.java:100)
at br.com.ibm.dynapool.test.ExtentReports.startTest(ExtentReports.java:100)
at br.com.ibm.dynapool.test.ExtentReports.startTest(ExtentReports.java:100)
at br.com.ibm.dynapool.test.ExtentReports.startTest(ExtentReports.java:100)
at br.com.ibm.dynapool.test.ExtentReports.startTest(ExtentReports.java:100)
at br.com.ibm.dynapool.test.ExtentReports.startTest(ExtentReports.java:100)
at br.com.ibm.dynapool.test.ExtentReports.startTest(ExtentReports.java:100)
at br.com.ibm.dynapool.test.ExtentReports.startTest(ExtentReports.java:100)
at br.com.ibm.dynapool.test.ExtentReports.startTest(ExtentReports.java:100)
at br.com.ibm.dynapool.test.ExtentReports.startTest(ExtentReports.java:100)
at br.com.ibm.dynapool.test.ExtentReports.startTest(ExtentReports.java:100)
at br.com.ibm.dynapool.test.ExtentReports.startTest(ExtentReports.java:100)
at br.com.ibm.dynapool.test.ExtentReports.startTest(ExtentReports.java:100)
at br.com.ibm.dynapool.test.ExtentReports.startTest(ExtentReports.java:100)
at br.com.ibm.dynapool.test.ExtentReports.startTest(ExtentReports.java:100)
at br.com.ibm.dynapool.test.ExtentReports.startTest(ExtentReports.java:100)
at br.com.ibm.dynapool.test.ExtentReports.startTest(ExtentReports.java:100)
at br.com.ibm.dynapool.test.ExtentReports.startTest(ExtentReports.java:100)
at br.com.ibm.dynapool.test.ExtentReports.startTest(ExtentReports.java:100)
at br.com.ibm.dynapool.test.ExtentReports.startTest(ExtentReports.java:100)
at br.com.ibm.dynapool.test.ExtentReports.startTest(ExtentReports.java:100)
at br.com.ibm.dynapool.test.ExtentReports.startTest(ExtentReports.java:100)
at br.com.ibm.dynapool.test.ExtentReports.startTest(ExtentReports.java:100)
at br.com.ibm.dynapool.test.ExtentReports.startTest(ExtentReports.java:100)
at br.com.ibm.dynapool.test.ExtentReports.startTest(ExtentReports.java:100)
at br.com.ibm.dynapool.test.ExtentReports.startTest(ExtentReports.java:100)
at br.com.ibm.dynapool.test.ExtentReports.startTest(ExtentReports.java:100)
at br.com.ibm.dynapool.test.ExtentReports.startTest(ExtentReports.java:100)
at br.com.ibm.dynapool.test.ExtentReports.startTest(ExtentReports.java:100)
at br.com.ibm.dynapool.test.ExtentReports.startTest(ExtentReports.java:100)
at br.com.ibm.dynapool.test.ExtentReports.startTest(ExtentReports.java:100)
at br.com.ibm.dynapool.test.ExtentReports.startTest(ExtentReports.java:100)
at br.com.ibm.dynapool.test.ExtentReports.startTest(ExtentReports.java:100)
at br.com.ibm.dynapool.test.ExtentReports.startTest(ExtentReports.java:100)
at br.com.ibm.dynapool.test.ExtentReports.startTest(ExtentReports.java:100)
at br.com.ibm.dynapool.test.ExtentReports.startTest(ExtentReports.java:100)
at br.com.ibm.dynapool.test.ExtentReports.startTest(ExtentReports.java:100)
at br.com.ibm.dynapool.test.ExtentReports.startTest(ExtentReports.java:100)
at br.com.ibm.dynapool.test.ExtentReports.startTest(ExtentReports.java:100)
at br.com.ibm.dynapool.test.ExtentReports.startTest(ExtentReports.java:100)
at br.com.ibm.dynapool.test.ExtentReports.startTest(ExtentReports.java:100)
at br.com.ibm.dynapool.test.ExtentReports.startTest(ExtentReports.java:100)
at br.com.ibm.dynapool.test.ExtentReports.startTest(ExtentReports.java:100)
at br.com.ibm.dynapool.test.ExtentReports.startTest(ExtentReports.java:100)
at br.com.ibm.dynapool.test.ExtentReports.startTest(ExtentReports.java:100)
at br.com.ibm.dynapool.test.ExtentReports.startTest(ExtentReports.java:100)
at br.com.ibm.dynapool.test.ExtentReports.startTest(ExtentReports.java:100)
at br.com.ibm.dynapool.test.ExtentReports.startTest(ExtentReports.java:100)
at br.com.ibm.dynapool.test.ExtentReports.startTest(ExtentReports.java:100)
at br.com.ibm.dynapool.test.ExtentReports.startTest(ExtentReports.java:100)
at br.com.ibm.dynapool.test.ExtentReports.startTest(ExtentReports.java:100)
at br.com.ibm.dynapool.test.ExtentReports.startTest(ExtentReports.java:100)
at br.com.ibm.dynapool.test.ExtentReports.startTest(ExtentReports.java:100)
at br.com.ibm.dynapool.test.ExtentReports.startTest(ExtentReports.java:100)
at br.com.ibm.dynapool.test.ExtentReports.startTest(ExtentReports.java:100)
at br.com.ibm.dynapool.test.ExtentReports.startTest(ExtentReports.java:100)
at br.com.ibm.dynapool.test.ExtentReports.startTest(ExtentReports.java:100)
at br.com.ibm.dynapool.test.ExtentReports.startTest(ExtentReports.java:100)
at br.com.ibm.dynapool.test.ExtentReports.startTest(ExtentReports.java:100)
at br.com.ibm.dynapool.test.ExtentReports.startTest(ExtentReports.java:100)
at br.com.ibm.dynapool.test.ExtentReports.startTest(ExtentReports.java:100)
at br.com.ibm.dynapool.test.ExtentReports.startTest(ExtentReports.java:100)
at br.com.ibm.dynapool.test.ExtentReports.startTest(ExtentReports.java:100)
at br.com.ibm.dynapool.test.ExtentReports.startTest(ExtentReports.java:100)
at br.com.ibm.dynapool.test.ExtentReports.startTest(ExtentReports.java:100)
at br.com.ibm.dynapool.test.ExtentReports.startTest(ExtentReports.java:100)
at br.com.ibm.dynapool.test.ExtentReports.startTest(ExtentReports.java:100)
at br.com.ibm.dynapool.test.ExtentReports.startTest(ExtentReports.java:100)
at br.com.ibm.dynapool.test.ExtentReports.startTest(ExtentReports.java:100)
at br.com.ibm.dynapool.test.ExtentReports.startTest(ExtentReports.java:100)
at br.com.ibm.dynapool.test.ExtentReports.startTest(ExtentReports.java:100)
at br.com.ibm.dynapool.test.ExtentReports.startTest(ExtentReports.java:100)
at br.com.ibm.dynapool.test.ExtentReports.startTest(ExtentReports.java:100)
at br.com.ibm.dynapool.test.ExtentReports.startTest(ExtentReports.java:100)
at br.com.ibm.dynapool.test.ExtentReports.startTest(ExtentReports.java:100)
at br.com.ibm.dynapool.test.ExtentReports.startTest(ExtentReports.java:100)
at br.com.ibm.dynapool.test.ExtentReports.startTest(ExtentReports.java:100)
at br.com.ibm.dynapool.test.ExtentReports.startTest(ExtentReports.java:100)
at br.com.ibm.dynapool.test.ExtentReports.startTest(ExtentReports.java:100)
at br.com.ibm.dynapool.test.ExtentReports.startTest(ExtentReports.java:100)
at br.com.ibm.dynapool.test.ExtentReports.startTest(ExtentReports.java:100)
at br.com.ibm.dynapool.test.ExtentReports.startTest(ExtentReports.java:100)
at br.com.ibm.dynapool.test.ExtentReports.startTest(ExtentReports.java:100)
at br.com.ibm.dynapool.test.ExtentReports.startTest(ExtentReports.java:100)
at br.com.ibm.dynapool.test.ExtentReports.startTest(ExtentReports.java:100)
at br.com.ibm.dynapool.test.ExtentReports.startTest(ExtentReports.java:100)
at br.com.ibm.dynapool.test.ExtentReports.startTest(ExtentReports.java:100)
at br.com.ibm.dynapool.test.ExtentReports.startTest(ExtentReports.java:100)
at br.com.ibm.dynapool.test.ExtentReports.startTest(ExtentReports.java:100)
at br.com.ibm.dynapool.test.ExtentReports.startTest(ExtentReports.java:100)
at br.com.ibm.dynapool.test.ExtentReports.startTest(ExtentReports.java:100)
at br.com.ibm.dynapool.test.ExtentReports.startTest(ExtentReports.java:100)
at br.com.ibm.dynapool.test.ExtentReports.startTest(ExtentReports.java:100)
at br.com.ibm.dynapool.test.ExtentReports.startTest(ExtentReports.java:100)
at br.com.ibm.dynapool.test.ExtentReports.startTest(ExtentReports.java:100)
at br.com.ibm.dynapool.test.ExtentReports.startTest(ExtentReports.java:100)
at br.com.ibm.dynapool.test.ExtentReports.startTest(ExtentReports.java:100)
at br.com.ibm.dynapool.test.ExtentReports.startTest(ExtentReports.java:100)
at br.com.ibm.dynapool.test.ExtentReports.startTest(ExtentReports.java:100)
at br.com.ibm.dynapool.test.ExtentReports.startTest(ExtentReports.java:100)
at br.com.ibm.dynapool.test.ExtentReports.startTest(ExtentReports.java:100)
at br.com.ibm.dynapool.test.ExtentReports.startTest(ExtentReports.java:100)
at br.com.ibm.dynapool.test.ExtentReports.startTest(ExtentReports.java:100)
at br.com.ibm.dynapool.test.ExtentReports.startTest(ExtentReports.java:100)
at br.com.ibm.dynapool.test.ExtentReports.startTest(ExtentReports.java:100)
at br.com.ibm.dynapool.test.ExtentReports.startTest(ExtentReports.java:100)
at br.com.ibm.dynapool.test.ExtentReports.startTest(ExtentReports.java:100)
at br.com.ibm.dynapool.test.ExtentReports.startTest(ExtentReports.java:100)
at br.com.ibm.dynapool.test.ExtentReports.startTest(ExtentReports.java:100)
at br.com.ibm.dynapool.test.ExtentReports.startTest(ExtentReports.java:100)
at br.com.ibm.dynapool.test.ExtentReports.startTest(ExtentReports.java:100)
at br.com.ibm.dynapool.test.ExtentReports.startTest(ExtentReports.java:100)
at br.com.ibm.dynapool.test.ExtentReports.startTest(ExtentReports.java:100)
at br.com.ibm.dynapool.test.ExtentReports.startTest(ExtentReports.java:100)
at br.com.ibm.dynapool.test.ExtentReports.startTest(ExtentReports.java:100)
at br.com.ibm.dynapool.test.ExtentReports.startTest(ExtentReports.java:100)
at br.com.ibm.dynapool.test.ExtentReports.startTest(ExtentReports.java:100)
at br.com.ibm.dynapool.test.ExtentReports.startTest(ExtentReports.java:100)
at br.com.ibm.dynapool.test.ExtentReports.startTest(ExtentReports.java:100)
at br.com.ibm.dynapool.test.ExtentReports.startTest(ExtentReports.java:100)
at br.com.ibm.dynapool.test.ExtentReports.startTest(ExtentReports.java:100)
at br.com.ibm.dynapool.test.ExtentReports.startTest(ExtentReports.java:100)
at br.com.ibm.dynapool.test.ExtentReports.startTest(ExtentReports.java:100)
at br.com.ibm.dynapool.test.ExtentReports.startTest(ExtentReports.java:100)
at br.com.ibm.dynapool.test.ExtentReports.startTest(ExtentReports.java:100)
at br.com.ibm.dynapool.test.ExtentReports.startTest(ExtentReports.java:100)
at br.com.ibm.dynapool.test.ExtentReports.startTest(ExtentReports.java:100)
at br.com.ibm.dynapool.test.ExtentReports.startTest(ExtentReports.java:100)
at br.com.ibm.dynapool.test.ExtentReports.startTest(ExtentReports.java:100)
at br.com.ibm.dynapool.test.ExtentReports.startTest(ExtentReports.java:100)
at br.com.ibm.dynapool.test.ExtentReports.startTest(ExtentReports.java:100)
at br.com.ibm.dynapool.test.ExtentReports.startTest(ExtentReports.java:100)
at br.com.ibm.dynapool.test.ExtentReports.startTest(ExtentReports.java:100)
at br.com.ibm.dynapool.test.ExtentReports.startTest(ExtentReports.java:100)
at br.com.ibm.dynapool.test.ExtentReports.startTest(ExtentReports.java:100)
at br.com.ibm.dynapool.test.ExtentReports.startTest(ExtentReports.java:100)
at br.com.ibm.dynapool.test.ExtentReports.startTest(ExtentReports.java:100)
at br.com.ibm.dynapool.test.ExtentReports.startTest(ExtentReports.java:100)
at br.com.ibm.dynapool.test.ExtentReports.startTest(ExtentReports.java:100)
at br.com.ibm.dynapool.test.ExtentReports.startTest(ExtentReports.java:100)
at br.com.ibm.dynapool.test.ExtentReports.startTest(ExtentReports.java:100)
at br.com.ibm.dynapool.test.ExtentReports.startTest(ExtentReports.java:100)
at br.com.ibm.dynapool.test.ExtentReports.startTest(ExtentReports.java:100)
at br.com.ibm.dynapool.test.ExtentReports.startTest(ExtentReports.java:100)
at br.com.ibm.dynapool.test.ExtentReports.startTest(ExtentReports.java:100)
at br.com.ibm.dynapool.test.ExtentReports.startTest(ExtentReports.java:100)
at br.com.ibm.dynapool.test.ExtentReports.startTest(ExtentReports.java:100)
at br.com.ibm.dynapool.test.ExtentReports.startTest(ExtentReports.java:100)
at br.com.ibm.dynapool.test.ExtentReports.startTest(ExtentReports.java:100)
at br.com.ibm.dynapool.test.ExtentReports.startTest(ExtentReports.java:100)
at br.com.ibm.dynapool.test.ExtentReports.startTest(ExtentReports.java:100)
at br.com.ibm.dynapool.test.ExtentReports.startTest(ExtentReports.java:100)
at br.com.ibm.dynapool.test.ExtentReports.startTest(ExtentReports.java:100)
at br.com.ibm.dynapool.test.ExtentReports.startTest(ExtentReports.java:100)
at br.com.ibm.dynapool.test.ExtentReports.startTest(ExtentReports.java:100)
at br.com.ibm.dynapool.test.ExtentReports.startTest(ExtentReports.java:100)
at br.com.ibm.dynapool.test.ExtentReports.startTest(ExtentReports.java:100)
at br.com.ibm.dynapool.test.ExtentReports.startTest(ExtentReports.java:100)
at br.com.ibm.dynapool.test.ExtentReports.startTest(ExtentReports.java:100)
at br.com.ibm.dynapool.test.ExtentReports.startTest(ExtentReports.java:100)
at br.com.ibm.dynapool.test.ExtentReports.startTest(ExtentReports.java:100)
at br.com.ibm.dynapool.test.ExtentReports.startTest(ExtentReports.java:100)
at br.com.ibm.dynapool.test.ExtentReports.startTest(ExtentReports.java:100)
at br.com.ibm.dynapool.test.ExtentReports.startTest(ExtentReports.java:100)
at br.com.ibm.dynapool.test.ExtentReports.startTest(ExtentReports.java:100)
at br.com.ibm.dynapool.test.ExtentReports.startTest(ExtentReports.java:100)
at br.com.ibm.dynapool.test.ExtentReports.startTest(ExtentReports.java:100)
at br.com.ibm.dynapool.test.ExtentReports.startTest(ExtentReports.java:100)
at br.com.ibm.dynapool.test.ExtentReports.startTest(ExtentReports.java:100)
at br.com.ibm.dynapool.test.ExtentReports.startTest(ExtentReports.java:100)
at br.com.ibm.dynapool.test.ExtentReports.startTest(ExtentReports.java:100)
at br.com.ibm.dynapool.test.ExtentReports.startTest(ExtentReports.java:100)
at br.com.ibm.dynapool.test.ExtentReports.startTest(ExtentReports.java:100)
at br.com.ibm.dynapool.test.ExtentReports.startTest(ExtentReports.java:100)
at br.com.ibm.dynapool.test.ExtentReports.startTest(ExtentReports.java:100)
at br.com.ibm.dynapool.test.ExtentReports.startTest(ExtentReports.java:100)
at br.com.ibm.dynapool.test.ExtentReports.startTest(ExtentReports.java:100)
at br.com.ibm.dynapool.test.ExtentReports.startTest(ExtentReports.java:100)
at br.com.ibm.dynapool.test.ExtentReports.startTest(ExtentReports.java:100)
at br.com.ibm.dynapool.test.ExtentReports.startTest(ExtentReports.java:100)
at br.com.ibm.dynapool.test.ExtentReports.startTest(ExtentReports.java:100)
at br.com.ibm.dynapool.test.ExtentReports.startTest(ExtentReports.java:100)
at br.com.ibm.dynapool.test.ExtentReports.startTest(ExtentReports.java:100)
at br.com.ibm.dynapool.test.ExtentReports.startTest(ExtentReports.java:100)
at br.com.ibm.dynapool.test.ExtentReports.startTest(ExtentReports.java:100)
at br.com.ibm.dynapool.test.ExtentReports.startTest(ExtentReports.java:100)
at br.com.ibm.dynapool.test.ExtentReports.startTest(ExtentReports.java:100)
at br.com.ibm.dynapool.test.ExtentReports.startTest(ExtentReports.java:100)
at br.com.ibm.dynapool.test.ExtentReports.startTest(ExtentReports.java:100)
at br.com.ibm.dynapool.test.ExtentReports.startTest(ExtentReports.java:100)
at br.com.ibm.dynapool.test.ExtentReports.startTest(ExtentReports.java:100)
at br.com.ibm.dynapool.test.ExtentReports.startTest(ExtentReports.java:100)
at br.com.ibm.dynapool.test.ExtentReports.startTest(ExtentReports.java:100)
at br.com.ibm.dynapool.test.ExtentReports.startTest(ExtentReports.java:100)
at br.com.ibm.dynapool.test.ExtentReports.startTest(ExtentReports.java:100)
at br.com.ibm.dynapool.test.ExtentReports.startTest(ExtentReports.java:100)
at br.com.ibm.dynapool.test.ExtentReports.startTest(ExtentReports.java:100)
at br.com.ibm.dynapool.test.ExtentReports.startTest(ExtentReports.java:100)
at br.com.ibm.dynapool.test.ExtentReports.startTest(ExtentReports.java:100)
at br.com.ibm.dynapool.test.ExtentReports.startTest(ExtentReports.java:100)
at br.com.ibm.dynapool.test.ExtentReports.startTest(ExtentReports.java:100)
at br.com.ibm.dynapool.test.ExtentReports.startTest(ExtentReports.java:100)
at br.com.ibm.dynapool.test.ExtentReports.startTest(ExtentReports.java:100)
at br.com.ibm.dynapool.test.ExtentReports.startTest(ExtentReports.java:100)
at br.com.ibm.dynapool.test.ExtentReports.startTest(ExtentReports.java:100)
at br.com.ibm.dynapool.test.ExtentReports.startTest(ExtentReports.java:100)
at br.com.ibm.dynapool.test.ExtentReports.startTest(ExtentReports.java:100)
at br.com.ibm.dynapool.test.ExtentReports.startTest(ExtentReports.java:100)
at br.com.ibm.dynapool.test.ExtentReports.startTest(ExtentReports.java:100)
at br.com.ibm.dynapool.test.ExtentReports.startTest(ExtentReports.java:100)
at br.com.ibm.dynapool.test.ExtentReports.startTest(ExtentReports.java:100)
at br.com.ibm.dynapool.test.ExtentReports.startTest(ExtentReports.java:100)
at br.com.ibm.dynapool.test.ExtentReports.startTest(ExtentReports.java:100)
at br.com.ibm.dynapool.test.ExtentReports.startTest(ExtentReports.java:100)
at br.com.ibm.dynapool.test.ExtentReports.startTest(ExtentReports.java:100)
at br.com.ibm.dynapool.test.ExtentReports.startTest(ExtentReports.java:100)
at br.com.ibm.dynapool.test.ExtentReports.startTest(ExtentReports.java:100)
at br.com.ibm.dynapool.test.ExtentReports.startTest(ExtentReports.java:100)
at br.com.ibm.dynapool.test.ExtentReports.startTest(ExtentReports.java:100)
at br.com.ibm.dynapool.test.ExtentReports.startTest(ExtentReports.java:100)
at br.com.ibm.dynapool.test.ExtentReports.startTest(ExtentReports.java:100)
at br.com.ibm.dynapool.test.ExtentReports.startTest(ExtentReports.java:100)
at br.com.ibm.dynapool.test.ExtentReports.startTest(ExtentReports.java:100)
at br.com.ibm.dynapool.test.ExtentReports.startTest(ExtentReports.java:100)
at br.com.ibm.dynapool.test.ExtentReports.startTest(ExtentReports.java:100)
at br.com.ibm.dynapool.test.ExtentReports.startTest(ExtentReports.java:100)
at br.com.ibm.dynapool.test.ExtentReports.startTest(ExtentReports.java:100)
at br.com.ibm.dynapool.test.ExtentReports.startTest(ExtentReports.java:100)
at br.com.ibm.dynapool.test.ExtentReports.startTest(ExtentReports.java:100)
at br.com.ibm.dynapool.test.ExtentReports.startTest(ExtentReports.java:100)
at br.com.ibm.dynapool.test.ExtentReports.startTest(ExtentReports.java:100)
at br.com.ibm.dynapool.test.ExtentReports.startTest(ExtentReports.java:100)
at br.com.ibm.dynapool.test.ExtentReports.startTest(ExtentReports.java:100)
at br.com.ibm.dynapool.test.ExtentReports.startTest(ExtentReports.java:100)
at br.com.ibm.dynapool.test.ExtentReports.startTest(ExtentReports.java:100)
at br.com.ibm.dynapool.test.ExtentReports.startTest(ExtentReports.java:100)
at br.com.ibm.dynapool.test.ExtentReports.startTest(ExtentReports.java:100)
at br.com.ibm.dynapool.test.ExtentReports.startTest(ExtentReports.java:100)
at br.com.ibm.dynapool.test.ExtentReports.startTest(ExtentReports.java:100)
at br.com.ibm.dynapool.test.ExtentReports.startTest(ExtentReports.java:100)
at br.com.ibm.dynapool.test.ExtentReports.startTest(ExtentReports.java:100)
at br.com.ibm.dynapool.test.ExtentReports.startTest(ExtentReports.java:100)
at br.com.ibm.dynapool.test.ExtentReports.startTest(ExtentReports.java:100)
at br.com.ibm.dynapool.test.ExtentReports.startTest(ExtentReports.java:100)
at br.com.ibm.dynapool.test.ExtentReports.startTest(ExtentReports.java:100)
at br.com.ibm.dynapool.test.ExtentReports.startTest(ExtentReports.java:100)
at br.com.ibm.dynapool.test.ExtentReports.startTest(ExtentReports.java:100)
at br.com.ibm.dynapool.test.ExtentReports.startTest(ExtentReports.java:100)
at br.com.ibm.dynapool.test.ExtentReports.startTest(ExtentReports.java:100)
at br.com.ibm.dynapool.test.ExtentReports.startTest(ExtentReports.java:100)
at br.com.ibm.dynapool.test.ExtentReports.startTest(ExtentReports.java:100)
at br.com.ibm.dynapool.test.ExtentReports.startTest(ExtentReports.java:100)
at br.com.ibm.dynapool.test.ExtentReports.startTest(ExtentReports.java:100)
at br.com.ibm.dynapool.test.ExtentReports.startTest(ExtentReports.java:100)
at br.com.ibm.dynapool.test.ExtentReports.startTest(ExtentReports.java:100)
at br.com.ibm.dynapool.test.ExtentReports.startTest(ExtentReports.java:100)
at br.com.ibm.dynapool.test.ExtentReports.startTest(ExtentReports.java:100)
at br.com.ibm.dynapool.test.ExtentReports.startTest(ExtentReports.java:100)
at br.com.ibm.dynapool.test.ExtentReports.startTest(ExtentReports.java:100)
at br.com.ibm.dynapool.test.ExtentReports.startTest(ExtentReports.java:100)
at br.com.ibm.dynapool.test.ExtentReports.startTest(ExtentReports.java:100)
at br.com.ibm.dynapool.test.ExtentReports.startTest(ExtentReports.java:100)
at br.com.ibm.dynapool.test.ExtentReports.startTest(ExtentReports.java:100)
at br.com.ibm.dynapool.test.ExtentReports.startTest(ExtentReports.java:100)
at br.com.ibm.dynapool.test.ExtentReports.startTest(ExtentReports.java:100)
at br.com.ibm.dynapool.test.ExtentReports.startTest(ExtentReports.java:100)
at br.com.ibm.dynapool.test.ExtentReports.startTest(ExtentReports.java:100)
at br.com.ibm.dynapool.test.ExtentReports.startTest(ExtentReports.java:100)
at br.com.ibm.dynapool.test.ExtentReports.startTest(ExtentReports.java:100)
at br.com.ibm.dynapool.test.ExtentReports.startTest(ExtentReports.java:100)
at br.com.ibm.dynapool.test.ExtentReports.startTest(ExtentReports.java:100)
at br.com.ibm.dynapool.test.ExtentReports.startTest(ExtentReports.java:100)
at br.com.ibm.dynapool.test.ExtentReports.startTest(ExtentReports.java:100)
at br.com.ibm.dynapool.test.ExtentReports.startTest(ExtentReports.java:100)
at br.com.ibm.dynapool.test.ExtentReports.startTest(ExtentReports.java:100)
at br.com.ibm.dynapool.test.ExtentReports.startTest(ExtentReports.java:100)
at br.com.ibm.dynapool.test.ExtentReports.startTest(ExtentReports.java:100)
at br.com.ibm.dynapool.test.ExtentReports.startTest(ExtentReports.java:100)
at br.com.ibm.dynapool.test.ExtentReports.startTest(ExtentReports.java:100)
at br.com.ibm.dynapool.test.ExtentReports.startTest(ExtentReports.java:100)
at br.com.ibm.dynapool.test.ExtentReports.startTest(ExtentReports.java:100)
at br.com.ibm.dynapool.test.ExtentReports.startTest(ExtentReports.java:100)
at br.com.ibm.dynapool.test.ExtentReports.startTest(ExtentReports.java:100)
at br.com.ibm.dynapool.test.ExtentReports.startTest(ExtentReports.java:100)
at br.com.ibm.dynapool.test.ExtentReports.startTest(ExtentReports.java:100)
at br.com.ibm.dynapool.test.ExtentReports.startTest(ExtentReports.java:100)
at br.com.ibm.dynapool.test.ExtentReports.startTest(ExtentReports.java:100)
at br.com.ibm.dynapool.test.ExtentReports.startTest(ExtentReports.java:100)
at br.com.ibm.dynapool.test.ExtentReports.startTest(ExtentReports.java:100)
at br.com.ibm.dynapool.test.ExtentReports.startTest(ExtentReports.java:100)
at br.com.ibm.dynapool.test.ExtentReports.startTest(ExtentReports.java:100)
at br.com.ibm.dynapool.test.ExtentReports.startTest(ExtentReports.java:100)
at br.com.ibm.dynapool.test.ExtentReports.startTest(ExtentReports.java:100)
at br.com.ibm.dynapool.test.ExtentReports.startTest(ExtentReports.java:100)
at br.com.ibm.dynapool.test.ExtentReports.startTest(ExtentReports.java:100)
at br.com.ibm.dynapool.test.ExtentReports.startTest(ExtentReports.java:100)
at br.com.ibm.dynapool.test.ExtentReports.startTest(ExtentReports.java:100)
at br.com.ibm.dynapool.test.ExtentReports.startTest(ExtentReports.java:100)
at br.com.ibm.dynapool.test.ExtentReports.startTest(ExtentReports.java:100)
at br.com.ibm.dynapool.test.ExtentReports.startTest(ExtentReports.java:100)
at br.com.ibm.dynapool.test.ExtentReports.startTest(ExtentReports.java:100)
at br.com.ibm.dynapool.test.ExtentReports.startTest(ExtentReports.java:100)
at br.com.ibm.dynapool.test.ExtentReports.startTest(ExtentReports.java:100)
at br.com.ibm.dynapool.test.ExtentReports.startTest(ExtentReports.java:100)
at br.com.ibm.dynapool.test.ExtentReports.startTest(ExtentReports.java:100)
at br.com.ibm.dynapool.test.ExtentReports.startTest(ExtentReports.java:100)
at br.com.ibm.dynapool.test.ExtentReports.startTest(ExtentReports.java:100)
at br.com.ibm.dynapool.test.ExtentReports.startTest(ExtentReports.java:100)
at br.com.ibm.dynapool.test.ExtentReports.startTest(ExtentReports.java:100)
at br.com.ibm.dynapool.test.ExtentReports.startTest(ExtentReports.java:100)
at br.com.ibm.dynapool.test.ExtentReports.startTest(ExtentReports.java:100)
at br.com.ibm.dynapool.test.ExtentReports.startTest(ExtentReports.java:100)
at br.com.ibm.dynapool.test.ExtentReports.startTest(ExtentReports.java:100)
at br.com.ibm.dynapool.test.ExtentReports.startTest(ExtentReports.java:100)
at br.com.ibm.dynapool.test.ExtentReports.startTest(ExtentReports.java:100)
at br.com.ibm.dynapool.test.ExtentReports.startTest(ExtentReports.java:100)
at br.com.ibm.dynapool.test.ExtentReports.startTest(ExtentReports.java:100)
at br.com.ibm.dynapool.test.ExtentReports.startTest(ExtentReports.java:100)
at br.com.ibm.dynapool.test.ExtentReports.startTest(ExtentReports.java:100)
at br.com.ibm.dynapool.test.ExtentReports.startTest(ExtentReports.java:100)
at br.com.ibm.dynapool.test.ExtentReports.startTest(ExtentReports.java:100)
at br.com.ibm.dynapool.test.ExtentReports.startTest(ExtentReports.java:100)
at br.com.ibm.dynapool.test.ExtentReports.startTest(ExtentReports.java:100)
at br.com.ibm.dynapool.test.ExtentReports.startTest(ExtentReports.java:100)
at br.com.ibm.dynapool.test.ExtentReports.startTest(ExtentReports.java:100)
at br.com.ibm.dynapool.test.ExtentReports.startTest(ExtentReports.java:100)
at br.com.ibm.dynapool.test.ExtentReports.startTest(ExtentReports.java:100)
at br.com.ibm.dynapool.test.ExtentReports.startTest(ExtentReports.java:100)
at br.com.ibm.dynapool.test.ExtentReports.startTest(ExtentReports.java:100)
at br.com.ibm.dynapool.test.ExtentReports.startTest(ExtentReports.java:100)
at br.com.ibm.dynapool.test.ExtentReports.startTest(ExtentReports.java:100)
at br.com.ibm.dynapool.test.ExtentReports.startTest(ExtentReports.java:100)
at br.com.ibm.dynapool.test.ExtentReports.startTest(ExtentReports.java:100)
at br.com.ibm.dynapool.test.ExtentReports.startTest(ExtentReports.java:100)
at br.com.ibm.dynapool.test.ExtentReports.startTest(ExtentReports.java:100)
at br.com.ibm.dynapool.test.ExtentReports.startTest(ExtentReports.java:100)
at br.com.ibm.dynapool.test.ExtentReports.startTest(ExtentReports.java:100)
at br.com.ibm.dynapool.test.ExtentReports.startTest(ExtentReports.java:100)
at br.com.ibm.dynapool.test.ExtentReports.startTest(ExtentReports.java:100)
at br.com.ibm.dynapool.test.ExtentReports.startTest(ExtentReports.java:100)
at br.com.ibm.dynapool.test.ExtentReports.startTest(ExtentReports.java:100)
at br.com.ibm.dynapool.test.ExtentReports.startTest(ExtentReports.java:100)
at br.com.ibm.dynapool.test.ExtentReports.startTest(ExtentReports.java:100)
at br.com.ibm.dynapool.test.ExtentReports.startTest(ExtentReports.java:100)
at br.com.ibm.dynapool.test.ExtentReports.startTest(ExtentReports.java:100)
at br.com.ibm.dynapool.test.ExtentReports.startTest(ExtentReports.java:100)
at br.com.ibm.dynapool.test.ExtentReports.startTest(ExtentReports.java:100)
at br.com.ibm.dynapool.test.ExtentReports.startTest(ExtentReports.java:100)
at br.com.ibm.dynapool.test.ExtentReports.startTest(ExtentReports.java:100)
at br.com.ibm.dynapool.test.ExtentReports.startTest(ExtentReports.java:100)
at br.com.ibm.dynapool.test.ExtentReports.startTest(ExtentReports.java:100)
at br.com.ibm.dynapool.test.ExtentReports.startTest(ExtentReports.java:100)
at br.com.ibm.dynapool.test.ExtentReports.startTest(ExtentReports.java:100)
at br.com.ibm.dynapool.test.ExtentReports.startTest(ExtentReports.java:100)
at br.com.ibm.dynapool.test.ExtentReports.startTest(ExtentReports.java:100)
at br.com.ibm.dynapool.test.ExtentReports.startTest(ExtentReports.java:100)
at br.com.ibm.dynapool.test.ExtentReports.startTest(ExtentReports.java:100)
at br.com.ibm.dynapool.test.ExtentReports.startTest(ExtentReports.java:100)
at br.com.ibm.dynapool.test.ExtentReports.startTest(ExtentReports.java:100)
at br.com.ibm.dynapool.test.ExtentReports.startTest(ExtentReports.java:100)
at br.com.ibm.dynapool.test.ExtentReports.startTest(ExtentReports.java:100)
at br.com.ibm.dynapool.test.ExtentReports.startTest(ExtentReports.java:100)
at br.com.ibm.dynapool.test.ExtentReports.startTest(ExtentReports.java:100)
at br.com.ibm.dynapool.test.ExtentReports.startTest(ExtentReports.java:100)
at br.com.ibm.dynapool.test.ExtentReports.startTest(ExtentReports.java:100)
at br.com.ibm.dynapool.test.ExtentReports.startTest(ExtentReports.java:100)
at br.com.ibm.dynapool.test.ExtentReports.startTest(ExtentReports.java:100)
at br.com.ibm.dynapool.test.ExtentReports.startTest(ExtentReports.java:100)
at br.com.ibm.dynapool.test.ExtentReports.startTest(ExtentReports.java:100)
at br.com.ibm.dynapool.test.ExtentReports.startTest(ExtentReports.java:100)
at br.com.ibm.dynapool.test.ExtentReports.startTest(ExtentReports.java:100)
at br.com.ibm.dynapool.test.ExtentReports.startTest(ExtentReports.java:100)
at br.com.ibm.dynapool.test.ExtentReports.startTest(ExtentReports.java:100)
at br.com.ibm.dynapool.test.ExtentReports.startTest(ExtentReports.java:100)
at br.com.ibm.dynapool.test.ExtentReports.startTest(ExtentReports.java:100)
at br.com.ibm.dynapool.test.ExtentReports.startTest(ExtentReports.java:100)
at br.com.ibm.dynapool.test.ExtentReports.startTest(ExtentReports.java:100)
at br.com.ibm.dynapool.test.ExtentReports.startTest(ExtentReports.java:100)
at br.com.ibm.dynapool.test.ExtentReports.startTest(ExtentReports.java:100)
at br.com.ibm.dynapool.test.ExtentReports.startTest(ExtentReports.java:100)
at br.com.ibm.dynapool.test.ExtentReports.startTest(ExtentReports.java:100)
at br.com.ibm.dynapool.test.ExtentReports.startTest(ExtentReports.java:100)
at br.com.ibm.dynapool.test.ExtentReports.startTest(ExtentReports.java:100)
at br.com.ibm.dynapool.test.ExtentReports.startTest(ExtentReports.java:100)
at br.com.ibm.dynapool.test.ExtentReports.startTest(ExtentReports.java:100)
at br.com.ibm.dynapool.test.ExtentReports.startTest(ExtentReports.java:100)
at br.com.ibm.dynapool.test.ExtentReports.startTest(ExtentReports.java:100)
at br.com.ibm.dynapool.test.ExtentReports.startTest(ExtentReports.java:100)
at br.com.ibm.dynapool.test.ExtentReports.startTest(ExtentReports.java:100)
at br.com.ibm.dynapool.test.ExtentReports.startTest(ExtentReports.java:100)
at br.com.ibm.dynapool.test.ExtentReports.startTest(ExtentReports.java:100)
at br.com.ibm.dynapool.test.ExtentReports.startTest(ExtentReports.java:100)
at br.com.ibm.dynapool.test.ExtentReports.startTest(ExtentReports.java:100)
at br.com.ibm.dynapool.test.ExtentReports.startTest(ExtentReports.java:100)
at br.com.ibm.dynapool.test.ExtentReports.startTest(ExtentReports.java:100)
at br.com.ibm.dynapool.test.ExtentReports.startTest(ExtentReports.java:100)
at br.com.ibm.dynapool.test.ExtentReports.startTest(ExtentReports.java:100)
at br.com.ibm.dynapool.test.ExtentReports.startTest(ExtentReports.java:100)
at br.com.ibm.dynapool.test.ExtentReports.startTest(ExtentReports.java:100)
at br.com.ibm.dynapool.test.ExtentReports.startTest(ExtentReports.java:100)
at br.com.ibm.dynapool.test.ExtentReports.startTest(ExtentReports.java:100)
at br.com.ibm.dynapool.test.ExtentReports.startTest(ExtentReports.java:100)
at br.com.ibm.dynapool.test.ExtentReports.startTest(ExtentReports.java:100)
at br.com.ibm.dynapool.test.ExtentReports.startTest(ExtentReports.java:100)
at br.com.ibm.dynapool.test.ExtentReports.startTest(ExtentReports.java:100)
at br.com.ibm.dynapool.test.ExtentReports.startTest(ExtentReports.java:100)
at br.com.ibm.dynapool.test.ExtentReports.startTest(ExtentReports.java:100)
at br.com.ibm.dynapool.test.ExtentReports.startTest(ExtentReports.java:100)
]]>
            </full-stacktrace>
          </exception> <!-- java.lang.StackOverflowError -->
          <reporter-output>
          </reporter-output>
        </test-method> <!-- startTest -->
        <test-method status="SKIP" signature="extentReportsDemo()[pri:0, instance:br.com.ibm.dynapool.test.ExtentReports@1794d431]" name="extentReportsDemo" duration-ms="0" started-at="2018-10-11T11:36:07Z" finished-at="2018-10-11T11:36:07Z">
          <exception class="java.lang.StackOverflowError">
            <full-stacktrace>
              <![CDATA[java.lang.StackOverflowError
at br.com.ibm.dynapool.test.ExtentReports.startTest(ExtentReports.java:100)
at br.com.ibm.dynapool.test.ExtentReports.startTest(ExtentReports.java:100)
at br.com.ibm.dynapool.test.ExtentReports.startTest(ExtentReports.java:100)
at br.com.ibm.dynapool.test.ExtentReports.startTest(ExtentReports.java:100)
at br.com.ibm.dynapool.test.ExtentReports.startTest(ExtentReports.java:100)
at br.com.ibm.dynapool.test.ExtentReports.startTest(ExtentReports.java:100)
at br.com.ibm.dynapool.test.ExtentReports.startTest(ExtentReports.java:100)
at br.com.ibm.dynapool.test.ExtentReports.startTest(ExtentReports.java:100)
at br.com.ibm.dynapool.test.ExtentReports.startTest(ExtentReports.java:100)
[...]
at br.com.ibm.dynapool.test.ExtentReports.startTest(ExtentReports.java:100)
at br.com.ibm.dynapool.test.ExtentReports.startTest(ExtentReports.java:100)
at br.com.ibm.dynapool.test.ExtentReports.startTest(ExtentReports.java:100)
at br.com.ibm.dynapool.test.ExtentReports.startTest(ExtentReports.java:100)
at br.com.ibm.dynapool.test.ExtentReports.startTest(ExtentReports.java:100)
at br.com.ibm.dynapool.test.ExtentReports.startTest(ExtentReports.java:100)
at br.com.ibm.dynapool.test.ExtentReports.startTest(ExtentReports.java:100)
at br.com.ibm.dynapool.test.ExtentReports.startTest(ExtentReports.java:100)
at br.com.ibm.dynapool.test.ExtentReports.startTest(ExtentReports.java:100)
at br.com.ibm.dynapool.test.ExtentReports.startTest(ExtentReports.java:100)
at br.com.ibm.dynapool.test.ExtentReports.startTest(ExtentReports.java:100)
at br.com.ibm.dynapool.test.ExtentReports.startTest(ExtentReports.java:100)
at br.com.ibm.dynapool.test.ExtentReports.startTest(ExtentReports.java:100)
at br.com.ibm.dynapool.test.ExtentReports.startTest(ExtentReports.java:100)
at br.com.ibm.dynapool.test.ExtentReports.startTest(ExtentReports.java:100)
at br.com.ibm.dynapool.test.ExtentReports.startTest(ExtentReports.java:100)
at br.com.ibm.dynapool.test.ExtentReports.startTest(ExtentReports.java:100)
at br.com.ibm.dynapool.test.ExtentReports.startTest(ExtentReports.java:100)
at br.com.ibm.dynapool.test.ExtentReports.startTest(ExtentReports.java:100)
at br.com.ibm.dynapool.test.ExtentReports.startTest(ExtentReports.java:100)
at br.com.ibm.dynapool.test.ExtentReports.startTest(ExtentReports.java:100)
at br.com.ibm.dynapool.test.ExtentReports.startTest(ExtentReports.java:100)
at br.com.ibm.dynapool.test.ExtentReports.startTest(ExtentReports.java:100)
at br.com.ibm.dynapool.test.ExtentReports.startTest(ExtentReports.java:100)
at br.com.ibm.dynapool.test.ExtentReports.startTest(ExtentReports.java:100)
at br.com.ibm.dynapool.test.ExtentReports.startTest(ExtentReports.java:100)
at br.com.ibm.dynapool.test.ExtentReports.startTest(ExtentReports.java:100)
at br.com.ibm.dynapool.test.ExtentReports.startTest(ExtentReports.java:100)
at br.com.ibm.dynapool.test.ExtentReports.startTest(ExtentReports.java:100)
at br.com.ibm.dynapool.test.ExtentReports.startTest(ExtentReports.java:100)
at br.com.ibm.dynapool.test.ExtentReports.startTest(ExtentReports.java:100)
at br.com.ibm.dynapool.test.ExtentReports.startTest(ExtentReports.java:100)
at br.com.ibm.dynapool.test.ExtentReports.startTest(ExtentReports.java:100)
at br.com.ibm.dynapool.test.ExtentReports.startTest(ExtentReports.java:100)
at br.com.ibm.dynapool.test.ExtentReports.startTest(ExtentReports.java:100)
at br.com.ibm.dynapool.test.ExtentReports.startTest(ExtentReports.java:100)
at br.com.ibm.dynapool.test.ExtentReports.startTest(ExtentReports.java:100)
at br.com.ibm.dynapool.test.ExtentReports.startTest(ExtentReports.java:100)
at br.com.ibm.dynapool.test.ExtentReports.startTest(ExtentReports.java:100)
at br.com.ibm.dynapool.test.ExtentReports.startTest(ExtentReports.java:100)
at br.com.ibm.dynapool.test.ExtentReports.startTest(ExtentReports.java:100)
at br.com.ibm.dynapool.test.ExtentReports.startTest(ExtentReports.java:100)
at br.com.ibm.dynapool.test.ExtentReports.startTest(ExtentReports.java:100)
at br.com.ibm.dynapool.test.ExtentReports.startTest(ExtentReports.java:100)
at br.com.ibm.dynapool.test.ExtentReports.startTest(ExtentReports.java:100)
at br.com.ibm.dynapool.test.ExtentReports.startTest(ExtentReports.java:100)
at br.com.ibm.dynapool.test.ExtentReports.startTest(ExtentReports.java:100)
at br.com.ibm.dynapool.test.ExtentReports.startTest(ExtentReports.java:100)
at br.com.ibm.dynapool.test.ExtentReports.startTest(ExtentReports.java:100)
at br.com.ibm.dynapool.test.ExtentReports.startTest(ExtentReports.java:100)
at br.com.ibm.dynapool.test.ExtentReports.startTest(ExtentReports.java:100)
at br.com.ibm.dynapool.test.ExtentReports.startTest(ExtentReports.java:100)
at br.com.ibm.dynapool.test.ExtentReports.startTest(ExtentReports.java:100)
at br.com.ibm.dynapool.test.ExtentReports.startTest(ExtentReports.java:100)
at br.com.ibm.dynapool.test.ExtentReports.startTest(ExtentReports.java:100)
at br.com.ibm.dynapool.test.ExtentReports.startTest(ExtentReports.java:100)
at br.com.ibm.dynapool.test.ExtentReports.startTest(ExtentReports.java:100)
at br.com.ibm.dynapool.test.ExtentReports.startTest(ExtentReports.java:100)
at br.com.ibm.dynapool.test.ExtentReports.startTest(ExtentReports.java:100)
at br.com.ibm.dynapool.test.ExtentReports.startTest(ExtentReports.java:100)
at br.com.ibm.dynapool.test.ExtentReports.startTest(ExtentReports.java:100)
at br.com.ibm.dynapool.test.ExtentReports.startTest(ExtentReports.java:100)
at br.com.ibm.dynapool.test.ExtentReports.startTest(ExtentReports.java:100)
at br.com.ibm.dynapool.test.ExtentReports.startTest(ExtentReports.java:100)
at br.com.ibm.dynapool.test.ExtentReports.startTest(ExtentReports.java:100)
at br.com.ibm.dynapool.test.ExtentReports.startTest(ExtentReports.java:100)
at br.com.ibm.dynapool.test.ExtentReports.startTest(ExtentReports.java:100)
at br.com.ibm.dynapool.test.ExtentReports.startTest(ExtentReports.java:100)
at br.com.ibm.dynapool.test.ExtentReports.startTest(ExtentReports.java:100)
at br.com.ibm.dynapool.test.ExtentReports.startTest(ExtentReports.java:100)
at br.com.ibm.dynapool.test.ExtentReports.startTest(ExtentReports.java:100)
at br.com.ibm.dynapool.test.ExtentReports.startTest(ExtentReports.java:100)
at br.com.ibm.dynapool.test.ExtentReports.startTest(ExtentReports.java:100)
at br.com.ibm.dynapool.test.ExtentReports.startTest(ExtentReports.java:100)
at br.com.ibm.dynapool.test.ExtentReports.startTest(ExtentReports.java:100)
at br.com.ibm.dynapool.test.ExtentReports.startTest(ExtentReports.java:100)
at br.com.ibm.dynapool.test.ExtentReports.startTest(ExtentReports.java:100)
at br.com.ibm.dynapool.test.ExtentReports.startTest(ExtentReports.java:100)
at br.com.ibm.dynapool.test.ExtentReports.startTest(ExtentReports.java:100)
at br.com.ibm.dynapool.test.ExtentReports.startTest(ExtentReports.java:100)
at br.com.ibm.dynapool.test.ExtentReports.startTest(ExtentReports.java:100)
at br.com.ibm.dynapool.test.ExtentReports.startTest(ExtentReports.java:100)
at br.com.ibm.dynapool.test.ExtentReports.startTest(ExtentReports.java:100)
at br.com.ibm.dynapool.test.ExtentReports.startTest(ExtentReports.java:100)
at br.com.ibm.dynapool.test.ExtentReports.startTest(ExtentReports.java:100)
at br.com.ibm.dynapool.test.ExtentReports.startTest(ExtentReports.java:100)
at br.com.ibm.dynapool.test.ExtentReports.startTest(ExtentReports.java:100)
at br.com.ibm.dynapool.test.ExtentReports.startTest(ExtentReports.java:100)
at br.com.ibm.dynapool.test.ExtentReports.startTest(ExtentReports.java:100)
at br.com.ibm.dynapool.test.ExtentReports.startTest(ExtentReports.java:100)
at br.com.ibm.dynapool.test.ExtentReports.startTest(ExtentReports.java:100)
at br.com.ibm.dynapool.test.ExtentReports.startTest(ExtentReports.java:100)
at br.com.ibm.dynapool.test.ExtentReports.startTest(ExtentReports.java:100)
at br.com.ibm.dynapool.test.ExtentReports.startTest(ExtentReports.java:100)
at br.com.ibm.dynapool.test.ExtentReports.startTest(ExtentReports.java:100)
at br.com.ibm.dynapool.test.ExtentReports.startTest(ExtentReports.java:100)
at br.com.ibm.dynapool.test.ExtentReports.startTest(ExtentReports.java:100)
at br.com.ibm.dynapool.test.ExtentReports.startTest(ExtentReports.java:100)
at br.com.ibm.dynapool.test.ExtentReports.startTest(ExtentReports.java:100)
at br.com.ibm.dynapool.test.ExtentReports.startTest(ExtentReports.java:100)
at br.com.ibm.dynapool.test.ExtentReports.startTest(ExtentReports.java:100)
at br.com.ibm.dynapool.test.ExtentReports.startTest(ExtentReports.java:100)
at br.com.ibm.dynapool.test.ExtentReports.startTest(ExtentReports.java:100)
at br.com.ibm.dynapool.test.ExtentReports.startTest(ExtentReports.java:100)
at br.com.ibm.dynapool.test.ExtentReports.startTest(ExtentReports.java:100)
at br.com.ibm.dynapool.test.ExtentReports.startTest(ExtentReports.java:100)
at br.com.ibm.dynapool.test.ExtentReports.startTest(ExtentReports.java:100)
at br.com.ibm.dynapool.test.ExtentReports.startTest(ExtentReports.java:100)
at br.com.ibm.dynapool.test.ExtentReports.startTest(ExtentReports.java:100)
at br.com.ibm.dynapool.test.ExtentReports.startTest(ExtentReports.java:100)
at br.com.ibm.dynapool.test.ExtentReports.startTest(ExtentReports.java:100)
at br.com.ibm.dynapool.test.ExtentReports.startTest(ExtentReports.java:100)
at br.com.ibm.dynapool.test.ExtentReports.startTest(ExtentReports.java:100)
at br.com.ibm.dynapool.test.ExtentReports.startTest(ExtentReports.java:100)
at br.com.ibm.dynapool.test.ExtentReports.startTest(ExtentReports.java:100)
at br.com.ibm.dynapool.test.ExtentReports.startTest(ExtentReports.java:100)
at br.com.ibm.dynapool.test.ExtentReports.startTest(ExtentReports.java:100)
at br.com.ibm.dynapool.test.ExtentReports.startTest(ExtentReports.java:100)
at br.com.ibm.dynapool.test.ExtentReports.startTest(ExtentReports.java:100)
at br.com.ibm.dynapool.test.ExtentReports.startTest(ExtentReports.java:100)
at br.com.ibm.dynapool.test.ExtentReports.startTest(ExtentReports.java:100)
at br.com.ibm.dynapool.test.ExtentReports.startTest(ExtentReports.java:100)
at br.com.ibm.dynapool.test.ExtentReports.startTest(ExtentReports.java:100)
at br.com.ibm.dynapool.test.ExtentReports.startTest(ExtentReports.java:100)
at br.com.ibm.dynapool.test.ExtentReports.startTest(ExtentReports.java:100)
at br.com.ibm.dynapool.test.ExtentReports.startTest(ExtentReports.java:100)
at br.com.ibm.dynapool.test.ExtentReports.startTest(ExtentReports.java:100)
at br.com.ibm.dynapool.test.ExtentReports.startTest(ExtentReports.java:100)
at br.com.ibm.dynapool.test.ExtentReports.startTest(ExtentReports.java:100)
at br.com.ibm.dynapool.test.ExtentReports.startTest(ExtentReports.java:100)
at br.com.ibm.dynapool.test.ExtentReports.startTest(ExtentReports.java:100)
at br.com.ibm.dynapool.test.ExtentReports.startTest(ExtentReports.java:100)
at br.com.ibm.dynapool.test.ExtentReports.startTest(ExtentReports.java:100)
at br.com.ibm.dynapool.test.ExtentReports.startTest(ExtentReports.java:100)
at br.com.ibm.dynapool.test.ExtentReports.startTest(ExtentReports.java:100)
at br.com.ibm.dynapool.test.ExtentReports.startTest(ExtentReports.java:100)
at br.com.ibm.dynapool.test.ExtentReports.startTest(ExtentReports.java:100)
at br.com.ibm.dynapool.test.ExtentReports.startTest(ExtentReports.java:100)
at br.com.ibm.dynapool.test.ExtentReports.startTest(ExtentReports.java:100)
at br.com.ibm.dynapool.test.ExtentReports.startTest(ExtentReports.java:100)
at br.com.ibm.dynapool.test.ExtentReports.startTest(ExtentReports.java:100)
at br.com.ibm.dynapool.test.ExtentReports.startTest(ExtentReports.java:100)
at br.com.ibm.dynapool.test.ExtentReports.startTest(ExtentReports.java:100)
at br.com.ibm.dynapool.test.ExtentReports.startTest(ExtentReports.java:100)
at br.com.ibm.dynapool.test.ExtentReports.startTest(ExtentReports.java:100)
at br.com.ibm.dynapool.test.ExtentReports.startTest(ExtentReports.java:100)
at br.com.ibm.dynapool.test.ExtentReports.startTest(ExtentReports.java:100)
at br.com.ibm.dynapool.test.ExtentReports.startTest(ExtentReports.java:100)
at br.com.ibm.dynapool.test.ExtentReports.startTest(ExtentReports.java:100)
at br.com.ibm.dynapool.test.ExtentReports.startTest(ExtentReports.java:100)
at br.com.ibm.dynapool.test.ExtentReports.startTest(ExtentReports.java:100)
at br.com.ibm.dynapool.test.ExtentReports.startTest(ExtentReports.java:100)
at br.com.ibm.dynapool.test.ExtentReports.startTest(ExtentReports.java:100)
at br.com.ibm.dynapool.test.ExtentReports.startTest(ExtentReports.java:100)
at br.com.ibm.dynapool.test.ExtentReports.startTest(ExtentReports.java:100)
at br.com.ibm.dynapool.test.ExtentReports.startTest(ExtentReports.java:100)
at br.com.ibm.dynapool.test.ExtentReports.startTest(ExtentReports.java:100)
at br.com.ibm.dynapool.test.ExtentReports.startTest(ExtentReports.java:100)
at br.com.ibm.dynapool.test.ExtentReports.startTest(ExtentReports.java:100)
at br.com.ibm.dynapool.test.ExtentReports.startTest(ExtentReports.java:100)
at br.com.ibm.dynapool.test.ExtentReports.startTest(ExtentReports.java:100)
at br.com.ibm.dynapool.test.ExtentReports.startTest(ExtentReports.java:100)
at br.com.ibm.dynapool.test.ExtentReports.startTest(ExtentReports.java:100)
at br.com.ibm.dynapool.test.ExtentReports.startTest(ExtentReports.java:100)
at br.com.ibm.dynapool.test.ExtentReports.startTest(ExtentReports.java:100)
at br.com.ibm.dynapool.test.ExtentReports.startTest(ExtentReports.java:100)
at br.com.ibm.dynapool.test.ExtentReports.startTest(ExtentReports.java:100)
at br.com.ibm.dynapool.test.ExtentReports.startTest(ExtentReports.java:100)
at br.com.ibm.dynapool.test.ExtentReports.startTest(ExtentReports.java:100)
at br.com.ibm.dynapool.test.ExtentReports.startTest(ExtentReports.java:100)
at br.com.ibm.dynapool.test.ExtentReports.startTest(ExtentReports.java:100)
at br.com.ibm.dynapool.test.ExtentReports.startTest(ExtentReports.java:100)
at br.com.ibm.dynapool.test.ExtentReports.startTest(ExtentReports.java:100)
at br.com.ibm.dynapool.test.ExtentReports.startTest(ExtentReports.java:100)
at br.com.ibm.dynapool.test.ExtentReports.startTest(ExtentReports.java:100)
at br.com.ibm.dynapool.test.ExtentReports.startTest(ExtentReports.java:100)
at br.com.ibm.dynapool.test.ExtentReports.startTest(ExtentReports.java:100)
at br.com.ibm.dynapool.test.ExtentReports.startTest(ExtentReports.java:100)
at br.com.ibm.dynapool.test.ExtentReports.startTest(ExtentReports.java:100)
at br.com.ibm.dynapool.test.ExtentReports.startTest(ExtentReports.java:100)
at br.com.ibm.dynapool.test.ExtentReports.startTest(ExtentReports.java:100)
at br.com.ibm.dynapool.test.ExtentReports.startTest(ExtentReports.java:100)
at br.com.ibm.dynapool.test.ExtentReports.startTest(ExtentReports.java:100)
at br.com.ibm.dynapool.test.ExtentReports.startTest(ExtentReports.java:100)
at br.com.ibm.dynapool.test.ExtentReports.startTest(ExtentReports.java:100)
at br.com.ibm.dynapool.test.ExtentReports.startTest(ExtentReports.java:100)
at br.com.ibm.dynapool.test.ExtentReports.startTest(ExtentReports.java:100)
at br.com.ibm.dynapool.test.ExtentReports.startTest(ExtentReports.java:100)
at br.com.ibm.dynapool.test.ExtentReports.startTest(ExtentReports.java:100)
at br.com.ibm.dynapool.test.ExtentReports.startTest(ExtentReports.java:100)
at br.com.ibm.dynapool.test.ExtentReports.startTest(ExtentReports.java:100)
at br.com.ibm.dynapool.test.ExtentReports.startTest(ExtentReports.java:100)
at br.com.ibm.dynapool.test.ExtentReports.startTest(ExtentReports.java:100)
at br.com.ibm.dynapool.test.ExtentReports.startTest(ExtentReports.java:100)
at br.com.ibm.dynapool.test.ExtentReports.startTest(ExtentReports.java:100)
at br.com.ibm.dynapool.test.ExtentReports.startTest(ExtentReports.java:100)
at br.com.ibm.dynapool.test.ExtentReports.startTest(ExtentReports.java:100)
at br.com.ibm.dynapool.test.ExtentReports.startTest(ExtentReports.java:100)
at br.com.ibm.dynapool.test.ExtentReports.startTest(ExtentReports.java:100)
at br.com.ibm.dynapool.test.ExtentReports.startTest(ExtentReports.java:100)
at br.com.ibm.dynapool.test.ExtentReports.startTest(ExtentReports.java:100)
at br.com.ibm.dynapool.test.ExtentReports.startTest(ExtentReports.java:100)
at br.com.ibm.dynapool.test.ExtentReports.startTest(ExtentReports.java:100)
at br.com.ibm.dynapool.test.ExtentReports.startTest(ExtentReports.java:100)
at br.com.ibm.dynapool.test.ExtentReports.startTest(ExtentReports.java:100)
at br.com.ibm.dynapool.test.ExtentReports.startTest(ExtentReports.java:100)
at br.com.ibm.dynapool.test.ExtentReports.startTest(ExtentReports.java:100)
at br.com.ibm.dynapool.test.ExtentReports.startTest(ExtentReports.java:100)
at br.com.ibm.dynapool.test.ExtentReports.startTest(ExtentReports.java:100)
at br.com.ibm.dynapool.test.ExtentReports.startTest(ExtentReports.java:100)
at br.com.ibm.dynapool.test.ExtentReports.startTest(ExtentReports.java:100)
at br.com.ibm.dynapool.test.ExtentReports.startTest(ExtentReports.java:100)
at br.com.ibm.dynapool.test.ExtentReports.startTest(ExtentReports.java:100)
at br.com.ibm.dynapool.test.ExtentReports.startTest(ExtentReports.java:100)
at br.com.ibm.dynapool.test.ExtentReports.startTest(ExtentReports.java:100)
at br.com.ibm.dynapool.test.ExtentReports.startTest(ExtentReports.java:100)
at br.com.ibm.dynapool.test.ExtentReports.startTest(ExtentReports.java:100)
at br.com.ibm.dynapool.test.ExtentReports.startTest(ExtentReports.java:100)
at br.com.ibm.dynapool.test.ExtentReports.startTest(ExtentReports.java:100)
at br.com.ibm.dynapool.test.ExtentReports.startTest(ExtentReports.java:100)
at br.com.ibm.dynapool.test.ExtentReports.startTest(ExtentReports.java:100)
at br.com.ibm.dynapool.test.ExtentReports.startTest(ExtentReports.java:100)
at br.com.ibm.dynapool.test.ExtentReports.startTest(ExtentReports.java:100)
at br.com.ibm.dynapool.test.ExtentReports.startTest(ExtentReports.java:100)
at br.com.ibm.dynapool.test.ExtentReports.startTest(ExtentReports.java:100)
at br.com.ibm.dynapool.test.ExtentReports.startTest(ExtentReports.java:100)
at br.com.ibm.dynapool.test.ExtentReports.startTest(ExtentReports.java:100)
at br.com.ibm.dynapool.test.ExtentReports.startTest(ExtentReports.java:100)
at br.com.ibm.dynapool.test.ExtentReports.startTest(ExtentReports.java:100)
at br.com.ibm.dynapool.test.ExtentReports.startTest(ExtentReports.java:100)
at br.com.ibm.dynapool.test.ExtentReports.startTest(ExtentReports.java:100)
at br.com.ibm.dynapool.test.ExtentReports.startTest(ExtentReports.java:100)
at br.com.ibm.dynapool.test.ExtentReports.startTest(ExtentReports.java:100)
at br.com.ibm.dynapool.test.ExtentReports.startTest(ExtentReports.java:100)
at br.com.ibm.dynapool.test.ExtentReports.startTest(ExtentReports.java:100)
at br.com.ibm.dynapool.test.ExtentReports.startTest(ExtentReports.java:100)
at br.com.ibm.dynapool.test.ExtentReports.startTest(ExtentReports.java:100)
at br.com.ibm.dynapool.test.ExtentReports.startTest(ExtentReports.java:100)
at br.com.ibm.dynapool.test.ExtentReports.startTest(ExtentReports.java:100)
at br.com.ibm.dynapool.test.ExtentReports.startTest(ExtentReports.java:100)
at br.com.ibm.dynapool.test.ExtentReports.startTest(ExtentReports.java:100)
at br.com.ibm.dynapool.test.ExtentReports.startTest(ExtentReports.java:100)
at br.com.ibm.dynapool.test.ExtentReports.startTest(ExtentReports.java:100)
at br.com.ibm.dynapool.test.ExtentReports.startTest(ExtentReports.java:100)
at br.com.ibm.dynapool.test.ExtentReports.startTest(ExtentReports.java:100)
at br.com.ibm.dynapool.test.ExtentReports.startTest(ExtentReports.java:100)
at br.com.ibm.dynapool.test.ExtentReports.startTest(ExtentReports.java:100)
at br.com.ibm.dynapool.test.ExtentReports.startTest(ExtentReports.java:100)
at br.com.ibm.dynapool.test.ExtentReports.startTest(ExtentReports.java:100)
at br.com.ibm.dynapool.test.ExtentReports.startTest(ExtentReports.java:100)
at br.com.ibm.dynapool.test.ExtentReports.startTest(ExtentReports.java:100)
at br.com.ibm.dynapool.test.ExtentReports.startTest(ExtentReports.java:100)
at br.com.ibm.dynapool.test.ExtentReports.startTest(ExtentReports.java:100)
at br.com.ibm.dynapool.test.ExtentReports.startTest(ExtentReports.java:100)
]]>
            </full-stacktrace>
          </exception> <!-- java.lang.StackOverflowError -->
          <reporter-output>
          </reporter-output>
        </test-method> <!-- extentReportsDemo -->
        <test-method status="SKIP" signature="endTest()[pri:0, instance:br.com.ibm.dynapool.test.ExtentReports@1794d431]" name="endTest" is-config="true" duration-ms="0" started-at="2018-10-11T11:36:07Z" finished-at="2018-10-11T11:36:07Z">
          <reporter-output>
          </reporter-output>
        </test-method> <!-- endTest -->
      </class> <!-- br.com.ibm.dynapool.test.ExtentReports -->
    </test> <!-- Default test -->
  </suite> <!-- Default suite -->
</testng-results>
